SF:lib/src/animation/animation.dart
DA:15,497
DA:54,219
DA:88,102
DA:91,54
DA:162,185
DA:164,185
DA:165,185
DA:168,16
DA:170,48
DA:187,16
DA:188,16
DA:190,16
DA:191,16
DA:194,7
DA:197,7
DA:200,5
DA:204,0
DA:205,16
LF:18
LH:17
end_of_record
SF:lib/src/animation/animation_controller.dart
DA:25,497
DA:55,497
DA:231,216
DA:239,0
DA:240,0
DA:241,216
DA:242,0
DA:244,648
DA:245,430
DA:264,50
DA:270,0
DA:271,0
DA:275,150
DA:276,50
DA:300,115
DA:308,1
DA:309,1
DA:310,3
DA:311,2
DA:324,215
DA:325,215
DA:347,163
DA:348,0
DA:349,163
DA:350,163
DA:351,163
DA:352,163
DA:369,2
DA:370,4
DA:377,34
DA:378,34
DA:380,120
DA:383,217
DA:384,868
DA:385,651
DA:386,216
DA:387,486
DA:388,130
DA:390,198
DA:400,40
DA:409,660
DA:413,217
DA:414,217
DA:428,169
DA:429,169
DA:430,169
DA:431,1
DA:438,169
DA:439,169
DA:441,44
DA:442,338
DA:456,92
DA:457,92
DA:458,92
DA:459,1
DA:466,92
DA:467,92
DA:469,3
DA:470,184
DA:485,39
DA:486,39
DA:487,39
DA:490,178
DA:491,178
DA:493,356
DA:495,1
DA:501,1
DA:507,170
DA:508,170
DA:509,1
DA:517,170
DA:518,510
DA:519,850
DA:520,340
DA:521,74
DA:525,178
DA:526,178
DA:527,254
DA:528,4
DA:529,1
DA:531,381
DA:534,127
DA:535,127
DA:537,151
DA:538,151
DA:539,453
DA:553,6
DA:554,6
DA:555,6
DA:556,6
DA:557,6
DA:559,1
DA:567,6
DA:568,10
DA:582,11
DA:583,22
DA:584,41
DA:585,21
DA:587,11
DA:588,22
DA:590,1
DA:595,1
DA:599,44
DA:600,11
DA:601,11
DA:611,51
DA:612,51
DA:613,51
DA:616,164
DA:617,0
DA:618,164
DA:619,164
DA:620,164
DA:621,820
DA:622,328
DA:623,492
DA:626,164
DA:647,195
DA:648,195
DA:649,195
DA:650,390
DA:659,207
DA:661,207
DA:662,207
DA:663,1
DA:665,1
DA:666,1
DA:671,207
DA:672,414
DA:673,207
DA:674,207
DA:678,195
DA:679,195
DA:680,390
DA:681,195
DA:682,195
DA:686,161
DA:687,161
DA:688,483
DA:689,161
DA:690,966
DA:691,322
DA:692,393
DA:695,131
DA:697,161
DA:698,161
DA:701,16
DA:703,16
DA:704,48
DA:705,36
DA:706,64
DA:707,16
DA:712,151
DA:713,0
DA:714,0
DA:715,302
DA:716,453
DA:723,151
DA:725,453
DA:726,151
DA:727,151
DA:728,128
DA:729,128
DA:731,848
DA:734,6
DA:736,12
DA:737,42
DA:740,148
DA:741,296
DA:745,5
DA:746,10
DA:747,10
DA:755,5
DA:757,5
DA:758,15
DA:759,15
DA:762,0
DA:763,0
DA:765,5
LF:179
LH:168
end_of_record
SF:lib/src/animation/listener_helpers.dart
DA:27,187
DA:28,374
DA:29,374
DA:30,187
DA:31,374
DA:40,154
DA:41,308
DA:42,308
DA:43,308
DA:44,13
DA:56,81
DA:67,268
DA:70,148
DA:74,227
DA:102,414
DA:103,414
DA:104,828
DA:110,290
DA:111,580
DA:112,290
DA:119,272
DA:120,544
DA:121,272
DA:123,484
DA:124,242
DA:126,2
DA:130,2
DA:131,0
DA:132,0
DA:133,0
DA:166,417
DA:167,417
DA:168,834
DA:174,61
DA:175,122
DA:176,61
DA:183,252
DA:184,504
DA:185,252
DA:187,368
DA:188,184
DA:190,2
DA:194,2
DA:195,0
DA:196,0
DA:197,0
LF:46
LH:40
end_of_record
SF:lib/src/animation/animations.dart
DA:18,34
DA:20,27
DA:23,27
DA:26,25
DA:29,25
DA:32,25
DA:35,27
DA:38,2
DA:50,110
DA:52,109
DA:55,31
DA:58,110
DA:61,26
DA:64,45
DA:67,48
DA:70,1
DA:92,4
DA:97,1
DA:100,1
DA:103,0
DA:106,0
DA:109,1
DA:112,1
DA:114,3
DA:139,852
DA:144,549
DA:149,291
DA:154,39
DA:157,108
DA:173,110
DA:174,110
DA:175,110
DA:176,9
DA:177,9
DA:188,56
DA:190,110
DA:191,220
DA:193,27
DA:194,78
DA:195,78
DA:196,26
DA:197,26
DA:199,27
DA:200,27
DA:201,27
DA:202,27
DA:203,108
DA:204,26
DA:205,108
DA:206,81
DA:207,27
DA:208,27
DA:212,110
DA:214,110
DA:215,330
DA:216,330
DA:220,26
DA:222,26
DA:223,78
DA:224,78
DA:228,110
DA:229,329
DA:231,107
DA:232,320
DA:234,2
DA:236,2
DA:237,5
DA:238,6
DA:263,40
DA:264,0
DA:269,40
DA:271,40
DA:272,80
DA:275,11
DA:277,22
DA:278,11
DA:281,40
DA:283,120
DA:286,11
DA:288,33
DA:291,9
DA:292,18
DA:295,8
DA:296,24
DA:298,39
DA:299,117
DA:301,11
DA:302,0
DA:304,11
DA:305,10
DA:306,10
DA:307,7
DA:312,1
DA:314,3
DA:373,201
DA:377,0
DA:378,0
DA:379,603
DA:380,603
DA:412,201
DA:414,201
DA:415,120
DA:416,201
DA:418,106
DA:419,105
DA:421,37
DA:422,37
DA:427,201
DA:428,397
DA:431,201
DA:433,422
DA:435,402
DA:438,305
DA:439,201
DA:440,201
DA:441,402
DA:442,201
DA:443,1
DA:446,1
DA:451,201
DA:454,71
DA:457,2
DA:459,2
DA:460,3
DA:461,2
DA:462,8
DA:463,4
DA:467,497
DA:495,54
DA:496,0
DA:497,54
DA:498,270
DA:499,52
DA:500,26
DA:501,205
DA:502,38
DA:504,25
DA:505,5
DA:508,162
DA:509,162
DA:510,136
DA:511,80
DA:518,42
DA:531,27
DA:532,27
DA:533,54
DA:534,27
DA:535,27
DA:537,27
DA:540,26
DA:541,52
DA:544,29
DA:545,29
DA:547,29
DA:548,9
DA:549,9
DA:550,9
DA:551,10
DA:553,8
DA:554,40
DA:558,5
DA:559,10
DA:560,10
DA:561,10
DA:562,5
DA:563,15
DA:564,15
DA:567,29
DA:568,58
DA:569,29
DA:570,29
DA:572,29
DA:573,5
DA:574,5
DA:577,54
DA:578,108
DA:582,20
DA:584,20
DA:585,60
DA:586,60
DA:587,20
DA:588,24
DA:589,20
DA:590,20
DA:593,1
DA:595,1
DA:596,4
DA:597,3
DA:615,37
DA:618,0
DA:619,0
DA:628,37
DA:630,111
DA:631,111
DA:632,111
DA:633,111
DA:636,1
DA:638,3
DA:639,3
DA:640,3
DA:641,3
DA:648,5
DA:650,30
DA:651,6
DA:652,10
DA:655,1
DA:657,4
DA:661,5
DA:662,15
DA:663,10
DA:664,10
DA:669,5
DA:670,15
DA:671,10
DA:672,5
DA:686,1
DA:689,1
DA:691,1
DA:692,6
DA:704,2
DA:706,1
DA:707,501
DA:719,74
DA:721,37
DA:722,645
LF:225
LH:216
end_of_record
SF:lib/src/animation/curves.dart
DA:29,497
DA:51,86
DA:53,1
DA:55,2
DA:63,497
DA:65,164
DA:79,5
DA:84,5
DA:86,11
DA:87,4
DA:89,8
DA:90,8
DA:93,1
DA:95,3
DA:112,58
DA:113,0
DA:114,0
DA:115,0
DA:130,54
DA:132,109
DA:133,106
DA:134,106
DA:135,106
DA:136,106
DA:137,159
DA:138,103
DA:140,140
DA:141,36
DA:143,28
DA:146,2
DA:148,4
DA:149,5
DA:150,8
DA:161,40
DA:168,40
DA:170,81
DA:171,80
DA:172,80
DA:173,80
DA:175,10
DA:201,149
DA:202,0
DA:203,0
DA:204,0
DA:205,0
DA:233,143
DA:234,1001
DA:235,858
DA:236,286
DA:239,143
DA:241,286
DA:245,286
DA:246,429
DA:247,429
DA:248,429
DA:249,143
DA:256,2
DA:258,20
DA:284,43
DA:289,6
DA:290,24
DA:292,1
DA:294,3
DA:306,131
DA:308,130
DA:310,261
DA:314,130
DA:315,260
DA:322,1
DA:323,1
DA:324,2
DA:325,1
DA:326,1
DA:327,3
DA:328,1
DA:329,1
DA:330,3
DA:332,1
DA:333,3
DA:340,1
DA:342,1
DA:344,3
DA:345,3
DA:353,1
DA:355,1
DA:357,3
DA:358,1
DA:366,1
DA:368,1
DA:370,3
DA:371,1
DA:372,5
DA:374,5
DA:391,1
DA:396,1
DA:398,3
DA:399,2
DA:400,1
DA:401,10
DA:404,1
DA:406,3
DA:420,2
DA:425,1
DA:427,3
DA:428,2
DA:429,10
DA:432,2
DA:434,6
DA:449,1
DA:454,1
DA:456,2
DA:457,2
DA:458,2
DA:459,1
DA:460,10
DA:462,11
DA:465,1
DA:467,3
DA:495,0
LF:119
LH:111
end_of_record
SF:lib/src/animation/tween.dart
DA:27,204
DA:53,606
DA:65,188
DA:66,188
DA:73,102
DA:74,102
DA:79,188
DA:86,186
DA:87,558
DA:89,1
DA:91,4
DA:94,1
DA:96,3
DA:101,102
DA:106,102
DA:108,408
DA:111,1
DA:113,3
DA:216,204
DA:235,73
DA:237,73
DA:238,73
DA:239,438
DA:254,202
DA:256,202
DA:257,202
DA:258,146
DA:259,142
DA:260,89
DA:263,1
DA:264,4
DA:270,8
DA:279,2
DA:280,6
DA:299,208
DA:302,23
DA:303,69
DA:317,10
DA:320,5
DA:321,15
DA:335,20
DA:338,3
DA:339,9
DA:359,114
DA:363,34
DA:364,238
DA:384,8
DA:388,2
DA:389,14
DA:395,4
DA:398,2
DA:399,2
DA:401,0
DA:402,0
DA:435,110
DA:436,0
DA:441,110
DA:443,218
DA:444,440
DA:447,64
DA:450,0
DA:451,0
LF:62
LH:57
end_of_record
SF:lib/src/animation/tween_sequence.dart
DA:47,2
DA:48,2
DA:51,1
DA:52,2
DA:53,1
DA:56,4
DA:57,9
DA:58,3
DA:66,1
DA:67,2
DA:68,3
DA:69,2
DA:72,1
DA:74,2
DA:75,1
DA:76,4
DA:77,4
DA:78,3
DA:79,1
DA:82,0
DA:92,1
DA:95,1
DA:122,2
DA:127,5
DA:129,7
DA:131,0
DA:132,0
LF:27
LH:24
end_of_record
SF:lib/src/cupertino/action_sheet.dart
DA:102,1
DA:110,0
DA:113,1
DA:151,1
DA:152,1
DA:153,2
DA:154,1
DA:155,1
DA:156,1
DA:157,1
DA:159,2
DA:162,1
DA:164,1
DA:172,1
DA:173,3
DA:174,1
DA:178,1
DA:179,1
DA:180,1
DA:181,1
DA:182,1
DA:187,1
DA:188,3
DA:190,1
DA:191,1
DA:192,1
DA:193,1
DA:198,1
DA:200,1
DA:201,2
DA:202,1
DA:203,1
DA:204,1
DA:205,1
DA:207,1
DA:208,1
DA:209,1
DA:217,1
DA:218,1
DA:219,1
DA:223,2
DA:225,1
DA:226,0
DA:228,5
DA:231,1
DA:232,1
DA:237,1
DA:243,1
DA:264,1
DA:269,0
DA:270,0
DA:292,1
DA:296,1
DA:297,1
DA:300,1
DA:301,1
DA:304,1
DA:305,1
DA:307,1
DA:311,1
DA:313,1
DA:319,1
DA:321,1
DA:332,1
DA:335,1
DA:339,1
DA:340,1
DA:346,1
DA:348,1
DA:349,1
DA:352,0
DA:353,0
DA:354,0
DA:358,0
DA:359,0
DA:360,0
DA:364,1
DA:365,2
DA:366,1
DA:370,1
DA:372,1
DA:374,1
DA:375,1
DA:376,1
DA:377,1
DA:378,1
DA:379,1
DA:380,1
DA:382,2
DA:389,1
DA:393,1
DA:398,1
DA:400,1
DA:401,3
DA:405,1
DA:407,1
DA:412,2
DA:417,1
DA:418,1
DA:420,1
DA:421,1
DA:423,1
DA:425,1
DA:426,2
DA:428,1
DA:429,2
DA:433,1
DA:435,1
DA:436,3
DA:437,2
DA:438,3
DA:439,2
DA:442,1
DA:444,1
DA:447,0
DA:449,0
DA:452,0
DA:454,0
DA:455,0
DA:456,0
DA:457,0
DA:458,0
DA:461,0
DA:463,0
DA:464,0
DA:465,0
DA:466,0
DA:467,0
DA:471,0
DA:473,0
DA:474,0
DA:475,0
DA:476,0
DA:477,0
DA:481,1
DA:482,0
DA:484,1
DA:485,2
DA:487,1
DA:488,2
DA:513,1
DA:521,2
DA:523,1
DA:524,2
DA:525,1
DA:526,0
DA:528,1
DA:529,1
DA:530,2
DA:535,2
DA:537,1
DA:538,2
DA:539,1
DA:540,0
DA:542,1
DA:543,1
DA:544,2
DA:555,1
DA:557,1
DA:558,1
DA:559,0
DA:561,1
DA:562,0
DA:566,1
DA:568,1
DA:569,1
DA:570,2
DA:572,1
DA:573,2
DA:577,1
DA:579,1
DA:580,0
DA:582,1
DA:583,0
DA:587,1
DA:589,2
DA:590,2
DA:594,1
DA:596,1
DA:597,2
DA:599,1
DA:600,2
DA:604,0
DA:606,0
DA:607,0
DA:608,0
DA:610,0
DA:611,0
DA:616,1
DA:618,2
DA:621,1
DA:623,2
DA:626,1
DA:628,2
DA:629,2
DA:630,2
DA:631,3
DA:633,2
DA:634,2
DA:635,1
DA:640,1
DA:642,2
DA:643,2
DA:644,2
DA:645,3
DA:647,2
DA:648,2
DA:649,1
DA:654,1
DA:656,5
DA:657,5
DA:658,1
DA:660,4
DA:663,2
DA:664,4
DA:667,2
DA:670,2
DA:671,5
DA:674,2
DA:677,4
DA:680,4
DA:684,3
DA:685,2
DA:686,4
DA:689,1
DA:691,2
DA:692,4
DA:694,8
DA:696,2
DA:699,2
DA:700,4
DA:703,1
DA:704,1
DA:705,1
DA:706,1
DA:707,5
DA:708,2
DA:709,1
DA:711,1
DA:715,1
DA:718,2
DA:719,2
DA:720,4
DA:722,2
DA:723,2
DA:732,497
DA:743,1
DA:748,1
DA:769,1
DA:771,1
DA:772,1
DA:773,2
DA:780,1
DA:781,1
DA:782,1
DA:784,1
DA:789,1
DA:790,1
DA:791,1
DA:792,1
DA:795,1
DA:796,1
DA:798,1
DA:799,2
DA:802,1
DA:808,1
DA:809,0
DA:810,0
DA:811,0
DA:819,2
DA:820,1
DA:823,1
DA:824,1
DA:825,1
DA:826,1
DA:841,1
DA:846,0
DA:847,1
DA:860,1
DA:861,1
DA:865,1
DA:867,2
DA:869,1
DA:870,5
DA:871,1
DA:872,1
DA:873,3
DA:878,1
DA:879,1
DA:880,2
DA:881,1
DA:883,1
DA:884,2
DA:897,1
DA:903,1
DA:904,1
DA:910,1
DA:912,1
DA:913,1
DA:915,1
DA:918,0
DA:919,0
DA:921,4
DA:922,2
DA:936,1
DA:940,1
DA:944,1
DA:946,2
DA:947,1
DA:948,3
DA:949,0
DA:952,0
DA:953,0
DA:954,0
DA:962,1
DA:973,1
DA:980,1
DA:985,1
DA:987,1
DA:988,1
DA:989,1
DA:993,0
DA:995,0
DA:996,0
DA:1021,1
DA:1027,1
DA:1031,2
DA:1033,0
DA:1034,0
DA:1038,0
DA:1039,0
DA:1043,2
DA:1044,0
DA:1045,0
DA:1049,0
DA:1050,0
DA:1065,1
DA:1067,2
DA:1068,2
DA:1071,1
DA:1073,2
DA:1076,1
DA:1078,2
DA:1081,1
DA:1083,2
DA:1085,2
DA:1086,4
DA:1087,3
DA:1088,1
DA:1089,1
DA:1094,1
DA:1095,4
DA:1096,2
DA:1097,2
DA:1098,4
DA:1099,2
DA:1101,2
DA:1102,4
DA:1103,5
DA:1104,3
DA:1110,1
DA:1111,2
DA:1112,2
DA:1113,2
DA:1114,5
DA:1117,1
DA:1119,2
DA:1121,2
DA:1122,4
DA:1123,1
DA:1128,1
DA:1129,2
DA:1131,4
DA:1133,1
DA:1135,2
DA:1136,1
DA:1141,1
DA:1143,2
DA:1148,1
DA:1152,1
DA:1157,2
DA:1158,1
DA:1159,2
DA:1161,3
DA:1162,3
DA:1164,2
DA:1167,1
DA:1168,1
DA:1171,3
DA:1172,3
DA:1176,1
DA:1178,1
DA:1179,1
DA:1180,1
DA:1183,1
DA:1184,2
DA:1186,1
DA:1187,1
DA:1188,2
DA:1190,1
DA:1192,1
DA:1196,1
DA:1199,2
DA:1200,1
DA:1201,1
DA:1205,2
DA:1207,1
DA:1208,1
DA:1211,2
DA:1213,1
DA:1214,1
DA:1215,1
DA:1216,2
DA:1217,1
DA:1220,1
DA:1221,1
DA:1222,3
DA:1223,2
DA:1224,2
DA:1230,0
DA:1231,0
DA:1238,1
DA:1239,1
DA:1242,1
DA:1243,4
DA:1246,1
DA:1249,2
DA:1250,2
DA:1251,2
DA:1254,1
DA:1255,1
DA:1257,1
DA:1258,3
DA:1259,1
DA:1263,1
DA:1265,1
LF:436
LH:370
end_of_record
SF:lib/src/rendering/box.dart
DA:18,746
DA:88,496
DA:96,372
DA:97,372
DA:98,372
DA:99,372
DA:100,372
DA:109,496
DA:124,67
DA:127,67
DA:128,67
DA:129,67
DA:130,67
DA:133,50
DA:135,50
DA:137,50
DA:143,496
DA:168,39
DA:174,39
DA:175,33
DA:176,22
DA:177,31
DA:178,31
DA:183,115
DA:184,0
DA:185,115
DA:186,115
DA:187,115
DA:188,727
DA:189,727
DA:190,115
DA:192,727
DA:194,727
DA:199,358
DA:200,358
DA:201,358
DA:203,358
DA:205,358
DA:211,295
DA:212,295
DA:213,1180
DA:214,1180
DA:215,1180
DA:216,1180
DA:223,92
DA:224,421
DA:225,329
DA:226,287
DA:227,287
DA:231,1
DA:232,1
DA:233,1
DA:234,1
DA:235,1
DA:236,1
DA:242,128
DA:246,32
DA:250,372
DA:251,372
DA:252,1116
DA:257,373
DA:258,373
DA:259,1119
DA:262,367
DA:263,367
DA:264,367
DA:265,550
DA:267,367
DA:276,367
DA:277,1835
DA:278,1101
DA:287,12
DA:288,36
DA:298,9
DA:299,9
DA:300,8
DA:301,24
DA:305,7
DA:306,7
DA:307,7
DA:308,7
DA:309,7
DA:311,14
DA:312,2
DA:313,2
DA:316,14
DA:317,1
DA:318,1
DA:321,14
DA:322,7
DA:323,7
DA:326,14
DA:327,6
DA:328,6
DA:331,21
DA:332,21
DA:337,840
DA:340,532
DA:343,1464
DA:346,1296
DA:349,366
DA:350,683
DA:359,1053
DA:368,1041
DA:383,708
DA:398,645
DA:401,373
DA:402,373
DA:403,2238
DA:404,2238
DA:408,1
DA:409,1
DA:410,2
DA:411,2
DA:412,2
DA:413,2
DA:418,1
DA:419,1
DA:420,2
DA:421,2
DA:422,2
DA:423,2
DA:428,1
DA:429,1
DA:430,3
DA:431,3
DA:432,3
DA:433,3
DA:438,1
DA:439,1
DA:440,2
DA:441,2
DA:442,2
DA:443,2
DA:453,4
DA:454,0
DA:458,1
DA:460,2
DA:461,4
DA:462,4
DA:463,21
DA:464,20
DA:465,21
DA:466,20
DA:467,4
DA:468,20
DA:469,20
DA:470,20
DA:471,20
DA:486,375
DA:488,750
DA:489,1125
DA:490,750
DA:491,1125
DA:494,375
DA:499,375
DA:500,1
DA:501,1
DA:503,0
DA:504,2
DA:506,3000
DA:507,1
DA:508,2
DA:509,1
DA:510,2
DA:511,1
DA:512,2
DA:513,1
DA:514,2
DA:515,1
DA:516,1
DA:517,2
DA:518,3
DA:520,2
DA:521,1
DA:522,2
DA:523,1
DA:525,1
DA:527,4
DA:529,750
DA:530,0
DA:531,750
DA:532,0
DA:533,750
DA:534,0
DA:535,1125
DA:536,0
DA:537,1125
DA:538,0
DA:539,1125
DA:540,0
DA:542,746
DA:543,0
DA:544,746
DA:545,0
DA:546,746
DA:547,0
DA:549,375
DA:551,375
DA:552,375
DA:559,1
DA:560,1
DA:562,3
DA:563,3
DA:564,1
DA:566,2
DA:568,3
DA:572,238
DA:574,237
DA:577,222
DA:580,222
DA:581,666
DA:582,648
DA:583,642
DA:584,639
DA:587,1
DA:589,1
DA:590,5
DA:593,22
DA:595,22
DA:596,58
DA:597,7
DA:598,60
DA:599,14
DA:600,2
DA:601,21
DA:602,21
DA:603,38
DA:604,33
DA:606,63
DA:607,63
DA:608,21
DA:617,150
DA:618,0
DA:619,150
DA:621,150
DA:622,150
DA:627,0
DA:628,0
DA:636,7
DA:637,14
DA:647,497
DA:651,27
DA:656,12
DA:658,12
DA:661,36
DA:662,36
DA:665,27
DA:666,81
DA:1077,361
DA:1079,722
DA:1080,722
DA:1085,347
DA:1086,27
DA:1088,347
DA:1094,347
DA:1096,43
DA:1097,54
DA:1098,16
DA:1099,54
DA:1102,338
DA:1121,347
DA:1123,347
DA:1125,0
DA:1131,347
DA:1132,0
DA:1141,347
DA:1142,694
DA:1237,19
DA:1260,346
DA:1262,346
DA:1264,0
DA:1270,346
DA:1271,0
DA:1280,346
DA:1281,692
DA:1314,2
DA:1336,346
DA:1338,346
DA:1340,0
DA:1346,346
DA:1347,0
DA:1356,346
DA:1357,692
DA:1386,19
DA:1409,345
DA:1411,345
DA:1413,0
DA:1419,345
DA:1420,0
DA:1429,345
DA:1430,690
DA:1463,2
DA:1469,746
DA:1481,372
DA:1482,372
DA:1483,372
DA:1484,744
DA:1485,372
DA:1486,744
DA:1487,372
DA:1493,742
DA:1494,1480
DA:1496,744
DA:1499,372
DA:1500,372
DA:1506,373
DA:1508,526
DA:1509,744
DA:1510,373
DA:1511,526
DA:1512,742
DA:1514,0
DA:1516,0
DA:1517,0
DA:1522,0
DA:1525,0
DA:1529,0
DA:1537,373
DA:1538,373
DA:1539,373
DA:1541,373
DA:1542,373
DA:1543,1119
DA:1559,373
DA:1561,373
DA:1562,373
DA:1563,668
DA:1564,972
DA:1565,0
DA:1570,0
DA:1586,324
DA:1587,0
DA:1592,0
DA:1603,746
DA:1605,373
DA:1609,91
DA:1610,182
DA:1612,193
DA:1615,386
DA:1620,22
DA:1641,22
DA:1642,0
DA:1643,22
DA:1644,22
DA:1645,22
DA:1646,44
DA:1647,63
DA:1648,2
DA:1649,3
DA:1650,0
DA:1651,0
DA:1653,22
DA:1654,22
DA:1655,22
DA:1656,22
DA:1658,28
DA:1667,22
DA:1670,0
DA:1671,44
DA:1672,88
DA:1673,44
DA:1700,15
DA:1702,0
DA:1707,374
DA:1708,374
DA:1710,373
DA:1712,373
DA:1713,373
DA:1714,373
DA:1715,0
DA:1717,0
DA:1721,0
DA:1730,746
DA:1731,0
DA:1732,0
DA:1734,0
DA:1735,0
DA:1736,0
DA:1737,0
DA:1738,0
DA:1740,0
DA:1742,0
DA:1743,0
DA:1744,0
DA:1745,0
DA:1746,0
DA:1749,0
DA:1750,0
DA:1755,0
DA:1756,0
DA:1758,0
DA:1763,1119
DA:1764,0
DA:1765,0
DA:1766,0
DA:1767,0
DA:1774,0
DA:1776,338
DA:1779,338
DA:1780,338
DA:1781,338
DA:1782,0
DA:1783,0
DA:1785,338
DA:1786,0
DA:1787,0
DA:1792,338
DA:1793,676
DA:1794,676
DA:1795,338
DA:1796,0
DA:1797,0
DA:1801,1014
DA:1802,1014
DA:1803,676
DA:1804,1690
DA:1805,676
DA:1806,1690
DA:1811,338
DA:1812,0
DA:1813,0
DA:1814,0
DA:1815,0
DA:1823,373
DA:1826,373
DA:1828,393
DA:1829,387
DA:1835,27
DA:1836,24
DA:1837,34
DA:1838,16
DA:1842,373
DA:1845,100
DA:1848,300
DA:1849,200
DA:1852,26
DA:1854,26
DA:1855,26
DA:1856,0
DA:1857,0
DA:1864,26
DA:1885,151
DA:1886,151
DA:1887,151
DA:1888,0
DA:1889,0
DA:1901,0
DA:1912,151
DA:1913,302
DA:1914,300
DA:1915,298
DA:1932,80
DA:1949,105
DA:1962,171
DA:1964,0
DA:1965,342
DA:1966,171
DA:1967,342
DA:1968,0
DA:1969,0
DA:1970,0
DA:1971,0
DA:1973,0
DA:1974,0
DA:1977,0
DA:1979,0
DA:1983,171
DA:1984,171
DA:1985,171
DA:1986,513
DA:2003,84
DA:2016,84
DA:2017,84
DA:2018,84
DA:2020,84
DA:2021,168
DA:2022,252
DA:2023,336
DA:2024,420
DA:2025,252
DA:2036,176
DA:2037,352
DA:2053,194
DA:2054,388
DA:2072,147
DA:2074,147
DA:2094,149
DA:2095,149
DA:2097,0
DA:2098,0
DA:2099,0
DA:2100,0
DA:2102,0
DA:2105,149
DA:2109,350
DA:2111,350
DA:2113,3
DA:2115,0
DA:2117,0
DA:2119,350
DA:2125,2
DA:2127,2
DA:2128,2
DA:2129,2
DA:2130,2
DA:2131,2
DA:2132,10
DA:2134,2
DA:2140,0
DA:2142,0
DA:2143,0
DA:2144,0
DA:2145,0
DA:2148,0
DA:2150,0
DA:2151,0
DA:2152,0
DA:2153,0
DA:2154,0
DA:2157,0
DA:2159,0
DA:2160,0
DA:2161,0
DA:2162,0
DA:2163,0
DA:2166,0
DA:2176,0
DA:2178,0
DA:2179,0
DA:2180,0
DA:2181,0
DA:2182,0
DA:2185,0
DA:2188,20
DA:2190,20
DA:2191,60
DA:2206,0
DA:2207,0
DA:2208,0
DA:2210,0
DA:2211,0
DA:2213,0
DA:2214,0
DA:2223,5
DA:2224,5
DA:2226,5
DA:2228,5
DA:2229,5
DA:2231,15
DA:2233,4970
DA:2237,5
DA:2251,170
DA:2253,170
DA:2255,170
DA:2256,510
DA:2258,120
DA:2269,307
DA:2270,307
DA:2272,306
DA:2273,918
DA:2274,306
DA:2283,3
DA:2284,3
DA:2285,3
DA:2287,3
DA:2288,3
DA:2289,3
LF:568
LH:441
end_of_record
SF:lib/src/rendering/object.dart
DA:31,358
DA:35,16
DA:68,357
DA:70,0
DA:71,0
DA:94,357
DA:95,357
DA:96,357
DA:102,357
DA:107,357
DA:108,357
DA:110,357
DA:115,357
DA:116,357
DA:117,0
DA:118,388
DA:120,714
DA:121,714
DA:123,357
DA:124,1090
DA:126,357
DA:127,1071
DA:128,357
DA:129,357
DA:140,1
DA:145,1
DA:146,1
DA:152,1
DA:160,353
DA:161,349
DA:163,0
DA:165,0
DA:167,349
DA:169,349
DA:170,194
DA:171,194
DA:173,349
DA:176,349
DA:178,0
DA:180,349
DA:183,194
DA:184,194
DA:185,194
DA:186,194
DA:189,194
DA:190,194
DA:192,138
DA:193,138
DA:195,138
DA:199,414
DA:201,138
DA:203,194
DA:204,388
DA:205,388
DA:217,205
DA:218,0
DA:219,205
DA:220,205
DA:221,410
DA:224,357
DA:225,357
DA:226,357
DA:228,345
DA:229,345
DA:230,345
DA:232,357
DA:233,357
DA:234,357
DA:237,357
DA:251,345
DA:252,0
DA:253,345
DA:254,345
DA:255,345
DA:258,345
DA:259,345
DA:260,1035
DA:261,690
DA:262,1035
DA:263,1035
DA:276,357
DA:278,0
DA:279,357
DA:281,345
DA:283,0
DA:284,0
DA:285,0
DA:286,0
DA:287,0
DA:290,0
DA:291,0
DA:292,0
DA:293,0
DA:294,0
DA:297,345
DA:298,1380
DA:299,345
DA:300,345
DA:301,345
DA:310,4
DA:311,8
DA:320,1
DA:321,2
DA:338,4
DA:339,4
DA:340,4
DA:363,155
DA:364,155
DA:365,155
DA:366,0
DA:367,155
DA:368,155
DA:369,228
DA:370,155
DA:371,155
DA:375,155
DA:376,0
DA:377,155
DA:391,139
DA:392,135
DA:394,228
DA:396,156
DA:414,5
DA:415,0
DA:416,5
DA:417,5
DA:419,8
DA:421,3
DA:439,3
DA:440,0
DA:441,3
DA:442,3
DA:444,2
DA:446,9
DA:459,62
DA:460,186
DA:461,372
DA:463,10
DA:464,10
DA:467,20
DA:470,59
DA:471,59
DA:472,118
DA:473,59
DA:474,59
DA:475,59
DA:493,43
DA:494,86
DA:497,0
DA:498,0
DA:551,497
DA:580,0
DA:584,0
DA:585,0
DA:616,91
DA:617,0
DA:618,91
DA:619,16
DA:633,89
DA:635,89
DA:636,89
DA:637,0
DA:643,89
DA:644,89
DA:645,89
DA:646,16
DA:647,178
DA:648,89
DA:688,382
DA:718,382
DA:719,382
DA:720,381
DA:726,760
DA:728,380
DA:729,760
DA:731,380
DA:732,380
DA:733,760
DA:743,268
DA:753,379
DA:754,758
DA:755,379
DA:757,379
DA:758,379
DA:760,379
DA:763,758
DA:764,379
DA:765,758
DA:766,1078
DA:767,1137
DA:768,379
DA:772,379
DA:773,379
DA:775,379
DA:776,758
DA:777,379
DA:790,113
DA:791,113
DA:793,113
DA:794,113
DA:795,113
DA:797,113
DA:799,113
DA:801,113
DA:802,113
DA:804,113
DA:813,357
DA:814,1071
DA:815,898
DA:816,707
DA:817,1050
DA:818,350
DA:820,714
DA:821,1071
DA:831,760
DA:841,357
DA:842,1071
DA:843,357
DA:844,357
DA:846,357
DA:848,357
DA:849,714
DA:851,1198
DA:852,357
DA:853,1071
DA:854,714
DA:855,357
DA:857,21
DA:861,714
DA:863,357
DA:864,357
DA:866,357
DA:867,1071
DA:881,228
DA:888,676
DA:903,91
DA:904,182
DA:905,182
DA:906,91
DA:907,182
DA:908,91
DA:909,90
DA:911,91
DA:914,89
DA:915,89
DA:916,178
DA:917,178
DA:918,178
DA:919,89
DA:920,89
DA:921,89
DA:939,346
DA:940,346
DA:942,273
DA:943,91
DA:944,273
DA:946,182
DA:947,147
DA:948,182
DA:949,182
DA:950,273
DA:951,91
DA:953,182
DA:955,182
DA:956,273
DA:957,273
DA:1074,387
DA:1075,1152
DA:1093,4
DA:1094,4
DA:1095,4
DA:1096,4
DA:1097,4
DA:1098,7
DA:1099,3
DA:1126,371
DA:1127,371
DA:1128,742
DA:1129,742
DA:1136,373
DA:1138,373
DA:1139,0
DA:1140,373
DA:1141,373
DA:1142,373
DA:1143,373
DA:1144,373
DA:1151,358
DA:1153,358
DA:1154,0
DA:1155,358
DA:1156,358
DA:1157,716
DA:1158,358
DA:1159,358
DA:1160,358
DA:1161,358
DA:1162,358
DA:1168,92
DA:1175,5
DA:1176,10
DA:1180,5
DA:1182,0
DA:1183,0
DA:1184,0
DA:1185,0
DA:1190,0
DA:1191,0
DA:1192,0
DA:1193,0
DA:1194,0
DA:1195,0
DA:1196,0
DA:1197,0
DA:1198,0
DA:1200,0
DA:1202,0
DA:1203,0
DA:1204,0
DA:1205,0
DA:1206,0
DA:1208,0
DA:1210,0
DA:1219,750
DA:1226,746
DA:1233,372
DA:1243,746
DA:1252,375
DA:1254,375
DA:1257,375
DA:1261,1231
DA:1265,375
DA:1269,750
DA:1273,352
DA:1276,375
DA:1280,385
DA:1281,385
DA:1283,382
DA:1285,382
DA:1288,764
DA:1291,2
DA:1292,2
DA:1294,382
DA:1295,38
DA:1296,38
DA:1298,764
DA:1301,24
DA:1302,24
DA:1304,1146
DA:1307,180
DA:1308,180
DA:1320,361
DA:1322,361
DA:1323,361
DA:1325,361
DA:1334,374
DA:1335,374
DA:1356,374
DA:1357,374
DA:1360,742
DA:1361,423
DA:1362,141
DA:1363,141
DA:1364,149
DA:1367,742
DA:1408,375
DA:1409,375
DA:1410,375
DA:1411,374
DA:1414,363
DA:1415,726
DA:1416,160
DA:1418,363
DA:1419,363
DA:1420,363
DA:1422,0
DA:1424,363
DA:1425,1089
DA:1426,726
DA:1440,172
DA:1442,172
DA:1443,172
DA:1444,172
DA:1445,152
DA:1447,49
DA:1449,344
DA:1459,27
DA:1460,27
DA:1461,27
DA:1464,358
DA:1465,716
DA:1466,103
DA:1467,103
DA:1468,196
DA:1469,93
DA:1480,381
DA:1481,381
DA:1482,762
DA:1483,762
DA:1484,381
DA:1485,381
DA:1486,381
DA:1487,381
DA:1489,381
DA:1490,1143
DA:1493,379
DA:1494,758
DA:1496,379
DA:1497,379
DA:1498,379
DA:1499,379
DA:1500,379
DA:1501,379
DA:1505,0
DA:1507,379
DA:1509,379
DA:1510,379
DA:1512,0
DA:1514,379
DA:1516,379
DA:1517,379
DA:1519,379
DA:1520,379
DA:1521,379
DA:1547,373
DA:1548,0
DA:1549,373
DA:1551,0
DA:1552,0
DA:1554,0
DA:1555,0
DA:1556,0
DA:1557,0
DA:1561,0
DA:1562,0
DA:1563,0
DA:1567,0
DA:1568,0
DA:1569,0
DA:1570,0
DA:1572,0
DA:1577,373
DA:1578,373
DA:1580,1468
DA:1583,364
DA:1584,364
DA:1586,373
DA:1587,373
DA:1589,373
DA:1590,1171
DA:1591,194
DA:1594,388
DA:1595,388
DA:1598,194
DA:1600,194
DA:1601,194
DA:1603,194
DA:1606,373
DA:1607,373
DA:1608,373
DA:1609,373
DA:1610,373
DA:1611,373
DA:1613,0
DA:1615,373
DA:1616,373
DA:1617,459
DA:1619,153
DA:1620,459
DA:1622,0
DA:1624,459
DA:1627,373
DA:1628,373
DA:1632,373
DA:1634,373
DA:1635,373
DA:1636,1119
DA:1638,5
DA:1640,373
DA:1642,373
DA:1643,373
DA:1645,373
DA:1646,373
DA:1647,373
DA:1656,0
DA:1669,373
DA:1723,113
DA:1725,113
DA:1726,113
DA:1727,113
DA:1728,113
DA:1730,565
DA:1732,113
DA:1737,0
DA:1760,2
DA:1767,1
DA:1781,378
DA:1788,357
DA:1798,377
DA:1809,353
DA:1810,353
DA:1811,353
DA:1812,353
DA:1821,4
DA:1823,4
DA:1824,4
DA:1826,4
DA:1843,374
DA:1844,374
DA:1846,374
DA:1847,748
DA:1848,370
DA:1849,370
DA:1851,373
DA:1852,110
DA:1856,374
DA:1857,374
DA:1858,374
DA:1859,188
DA:1861,374
DA:1863,374
DA:1864,1119
DA:1872,350
DA:1873,350
DA:1874,350
DA:1877,350
DA:1878,350
DA:1880,350
DA:1881,350
DA:1882,699
DA:1883,349
DA:1884,349
DA:1885,204
DA:1887,699
DA:1888,350
DA:1889,700
DA:1890,198
DA:1891,350
DA:1908,20
DA:1910,20
DA:1911,20
DA:1913,20
DA:1938,382
DA:1939,1142
DA:1940,382
DA:1942,346
DA:1943,346
DA:1944,346
DA:1946,0
DA:1948,346
DA:1951,346
DA:1952,346
DA:1953,1038
DA:1954,692
DA:1956,558
DA:1960,278
DA:1961,278
DA:1962,278
DA:1963,556
DA:1965,166
DA:1967,0
DA:1969,166
DA:1974,166
DA:1975,0
DA:1984,21
DA:1985,21
DA:1986,21
DA:1987,21
DA:1988,21
DA:1989,42
DA:1990,21
DA:1991,21
DA:1993,21
DA:1994,21
DA:1996,42
DA:1998,12
DA:2000,21
DA:2010,380
DA:2011,380
DA:2012,380
DA:2013,760
DA:2014,760
DA:2015,380
DA:2016,380
DA:2017,380
DA:2018,380
DA:2019,1140
DA:2027,2
DA:2028,2
DA:2029,2
DA:2030,4
DA:2031,4
DA:2032,2
DA:2033,2
DA:2034,4
DA:2035,2
DA:2036,2
DA:2039,357
DA:2040,357
DA:2041,357
DA:2042,0
DA:2046,0
DA:2052,357
DA:2060,357
DA:2062,357
DA:2063,357
DA:2064,0
DA:2069,0
DA:2077,357
DA:2079,357
DA:2080,357
DA:2083,714
DA:2085,357
DA:2086,357
DA:2088,357
DA:2089,357
DA:2090,357
DA:2092,1
DA:2094,357
DA:2095,357
DA:2097,357
DA:2099,357
DA:2110,357
DA:2129,7
DA:2136,90
DA:2137,180
DA:2152,186
DA:2153,186
DA:2155,366
DA:2156,183
DA:2159,186
DA:2160,372
DA:2161,0
DA:2162,186
DA:2164,186
DA:2165,742
DA:2166,736
DA:2179,91
DA:2201,90
DA:2212,90
DA:2213,90
DA:2214,180
DA:2215,180
DA:2216,90
DA:2217,90
DA:2218,180
DA:2219,270
DA:2220,180
DA:2257,384
DA:2270,57
DA:2271,114
DA:2273,36
DA:2274,24
DA:2275,7
DA:2276,7
DA:2277,7
DA:2284,384
DA:2285,384
DA:2286,768
DA:2287,768
DA:2289,384
DA:2307,26
DA:2309,26
DA:2310,26
DA:2312,26
DA:2322,89
DA:2324,89
DA:2325,89
DA:2326,178
DA:2327,89
DA:2336,384
DA:2337,1146
DA:2338,1146
DA:2339,384
DA:2348,199
DA:2349,91
DA:2350,182
DA:2353,182
DA:2354,178
DA:2356,90
DA:2358,90
DA:2359,180
DA:2360,55
DA:2367,202
DA:2375,63
DA:2377,91
DA:2378,60
DA:2379,60
DA:2380,204
DA:2381,180
DA:2382,120
DA:2388,91
DA:2389,362
DA:2390,91
DA:2391,174
DA:2393,91
DA:2395,91
DA:2396,150
DA:2397,150
DA:2398,91
DA:2400,273
DA:2404,91
DA:2407,0
DA:2409,91
DA:2410,91
DA:2412,182
DA:2413,91
DA:2414,91
DA:2415,91
DA:2417,181
DA:2418,90
DA:2421,90
DA:2422,35
DA:2423,35
DA:2424,35
DA:2428,90
DA:2429,90
DA:2430,90
DA:2431,180
DA:2432,270
DA:2433,90
DA:2436,86
DA:2438,136
DA:2439,4
DA:2440,224
DA:2441,60
DA:2442,5
DA:2443,5
DA:2449,91
DA:2450,9
DA:2452,91
DA:2455,182
DA:2456,91
DA:2457,0
DA:2458,91
DA:2463,86
DA:2467,90
DA:2473,90
DA:2475,59
DA:2479,91
DA:2492,91
DA:2493,91
DA:2509,56
DA:2514,112
DA:2515,56
DA:2521,149
DA:2546,30
DA:2548,30
DA:2549,84
DA:2551,18
DA:2552,36
DA:2553,11
DA:2554,11
DA:2556,36
DA:2558,30
DA:2559,9
DA:2560,30
DA:2561,13
DA:2562,30
DA:2563,7
DA:2567,4
DA:2568,4
DA:2573,18
DA:2580,18
DA:2584,18
DA:2585,18
DA:2590,18
DA:2593,18
DA:2602,3
DA:2608,3
DA:2612,3
DA:2613,3
DA:2614,3
DA:2617,3
DA:2621,20
DA:2624,60
DA:2625,100
DA:2626,60
DA:2628,60
DA:2629,60
DA:2630,40
DA:2632,40
DA:2635,80
DA:2638,2
DA:2639,2
DA:2656,15
DA:2662,30
DA:2663,15
DA:2664,15
DA:2685,1104
DA:2686,1104
DA:2687,1104
DA:2688,2
DA:2689,2
DA:2690,2
DA:2696,2
DA:2697,2
DA:2699,2
DA:2701,2
DA:2705,1104
DA:2711,2650
DA:2712,1329
DA:2713,1329
DA:2714,900
DA:2715,1329
DA:2716,1329
DA:2717,2602
DA:2720,1328
DA:2722,1328
DA:2723,1328
DA:2724,306
DA:2727,927
DA:2729,927
DA:2730,927
DA:2731,1820
DA:2734,836
DA:2736,836
DA:2737,156
DA:2740,1141
DA:2742,1141
DA:2743,2264
DA:2746,20
DA:2748,81
DA:2760,127
DA:2762,127
DA:2763,127
DA:2764,0
DA:2765,0
DA:2766,0
DA:2767,0
DA:2769,127
DA:2770,0
DA:2771,0
DA:2772,0
DA:2773,0
DA:2775,127
DA:2776,127
DA:2785,420
DA:2786,420
DA:2787,420
DA:2788,496
DA:2789,248
DA:2790,248
DA:2792,420
DA:2794,420
DA:2795,420
DA:2796,420
DA:2797,250
DA:2798,125
DA:2799,125
DA:2801,420
DA:2806,492
DA:2814,619
DA:2815,619
DA:2816,619
DA:2817,2
DA:2818,2
DA:2819,2
DA:2825,2
DA:2826,2
DA:2828,2
DA:2830,2
DA:2834,619
DA:2840,546
DA:2841,546
DA:2842,546
DA:2843,546
DA:2844,1092
DA:2845,1092
DA:2848,1092
DA:2849,546
DA:2850,160
DA:2851,80
DA:2853,546
DA:2854,546
DA:2856,405
DA:2857,405
DA:2858,810
DA:2859,810
DA:2860,405
DA:2861,405
DA:2863,810
DA:2864,405
DA:2865,405
DA:2866,405
DA:2870,84
DA:2871,42
DA:2873,84
DA:2874,84
DA:2875,42
DA:2876,42
DA:2877,84
DA:2885,546
DA:2886,546
DA:2887,546
DA:2888,546
DA:2889,1092
DA:2890,1092
DA:2891,546
DA:2892,546
DA:2896,12
DA:2897,24
DA:2901,432
DA:2902,18
DA:2905,165
DA:2906,165
DA:2907,330
DA:2908,330
DA:2909,330
DA:2910,165
DA:2911,186
DA:2912,186
DA:2914,230
DA:2915,230
DA:2917,165
DA:2918,280
DA:2919,280
DA:2921,232
DA:2922,232
DA:2924,165
DA:2925,165
DA:2926,330
DA:2932,160
DA:2933,160
DA:2934,160
DA:2940,0
DA:2941,0
DA:2943,0
DA:2944,0
DA:2945,0
DA:2946,0
DA:2947,0
DA:2950,0
DA:2951,0
DA:2952,0
DA:2960,55
DA:2961,55
DA:2962,55
DA:2963,55
DA:2964,110
DA:2965,55
DA:2966,110
DA:2968,43
DA:2969,43
DA:2970,43
DA:2973,634
DA:2975,634
DA:2976,634
DA:2978,70
DA:2979,70
DA:2980,70
DA:2984,631
DA:2986,631
DA:2987,631
DA:2989,538
DA:2990,538
DA:2991,538
DA:2995,634
DA:2997,634
DA:2999,25
DA:3000,25
DA:3001,25
DA:3005,621
DA:3007,621
DA:3009,533
DA:3010,533
DA:3011,533
DA:3016,1048
DA:3019,840
DA:3022,145
DA:3023,0
DA:3024,290
DA:3025,145
DA:3026,145
DA:3030,203
DA:3031,0
DA:3032,406
DA:3033,203
DA:3034,203
DA:3037,4
DA:3039,4
DA:3040,4
DA:3041,2
DA:3044,6
DA:3045,4
DA:3047,1
DA:3048,1
DA:3049,1
DA:3064,9
DA:3072,9
DA:3094,91
DA:3095,0
DA:3121,86
DA:3122,86
DA:3124,86
DA:3126,172
DA:3140,91
DA:3143,0
DA:3144,91
DA:3145,91
DA:3149,273
DA:3183,172
DA:3186,90
DA:3193,90
DA:3194,13
DA:3196,26
DA:3197,26
DA:3208,90
DA:3209,180
DA:3219,91
DA:3222,91
DA:3225,91
DA:3226,91
DA:3227,0
DA:3228,0
DA:3229,273
DA:3231,273
DA:3232,182
DA:3233,273
DA:3235,182
DA:3236,273
DA:3237,91
DA:3238,91
DA:3240,273
DA:3242,91
DA:3243,181
DA:3244,90
DA:3245,180
DA:3250,91
DA:3257,92
DA:3261,91
DA:3266,0
DA:3271,91
DA:3273,182
DA:3296,90
DA:3303,0
DA:3304,0
DA:3305,90
DA:3313,90
DA:3314,90
DA:3315,134
DA:3316,108
DA:3317,205
DA:3318,164
DA:3319,41
DA:3324,90
DA:3325,180
DA:3328,270
DA:3331,450
DA:3332,180
DA:3333,180
DA:3334,180
DA:3337,90
DA:3339,180
DA:3340,180
DA:3341,180
DA:3342,180
DA:3343,180
DA:3344,6
DA:3345,12
DA:3349,90
DA:3350,90
DA:3351,296
DA:3353,180
DA:3354,177
DA:3356,146
DA:3362,90
DA:3364,172
DA:3367,90
DA:3369,90
DA:3370,148
DA:3371,74
DA:3373,67
DA:3374,201
DA:3378,67
DA:3379,67
DA:3380,201
DA:3381,67
DA:3387,90
DA:3389,90
DA:3392,360
DA:3407,90
DA:3412,90
DA:3421,180
DA:3424,180
DA:3427,180
DA:3430,180
DA:3432,90
DA:3433,180
DA:3435,180
DA:3436,90
DA:3437,90
DA:3438,360
DA:3439,90
DA:3440,180
DA:3441,90
DA:3443,20
DA:3444,80
DA:3446,360
DA:3448,270
DA:3449,270
DA:3450,180
DA:3453,90
DA:3454,411
DA:3455,90
DA:3456,60
DA:3457,52
DA:3458,20
DA:3459,20
DA:3464,90
DA:3467,51
DA:3468,1
DA:3469,51
DA:3470,51
DA:3471,51
DA:3474,90
DA:3479,15
DA:3485,90
DA:3486,180
DA:3499,180
LF:1120
LH:1008
end_of_record
SF:lib/src/cupertino/activity_indicator.dart
DA:20,1
DA:24,0
DA:25,0
DA:26,1
DA:27,1
DA:39,1
DA:40,1
DA:47,1
DA:49,1
DA:50,2
DA:55,2
DA:56,2
DA:59,1
DA:61,1
DA:62,4
DA:63,2
DA:64,2
DA:66,2
DA:70,1
DA:72,2
DA:73,1
DA:76,1
DA:78,1
DA:79,3
DA:80,3
DA:81,1
DA:82,1
DA:83,1
DA:84,2
DA:98,1
DA:101,1
DA:102,1
DA:103,2
DA:104,2
DA:105,2
DA:109,1
DA:114,1
DA:116,1
DA:118,1
DA:119,5
DA:121,4
DA:123,2
DA:124,4
DA:125,2
DA:126,2
DA:127,3
DA:130,1
DA:133,1
DA:135,3
LF:49
LH:47
end_of_record
SF:lib/src/widgets/ticker_provider.dart
DA:22,33
DA:26,0
DA:27,33
DA:51,214
DA:52,214
DA:53,26
DA:56,20
DA:57,60
DA:59,1
DA:61,1
DA:62,3
DA:80,209
DA:82,209
DA:83,209
DA:85,0
DA:86,0
DA:92,209
DA:93,627
DA:98,209
DA:101,210
DA:103,210
DA:104,628
DA:106,0
DA:108,0
DA:113,0
DA:115,210
DA:116,210
DA:119,210
DA:121,210
DA:122,836
DA:123,210
DA:126,209
DA:128,209
DA:130,209
DA:131,4
DA:133,4
DA:135,4
DA:140,627
DA:158,487
DA:160,974
DA:161,974
DA:162,974
DA:166,470
DA:167,470
DA:168,940
DA:169,940
DA:172,720
DA:174,720
DA:175,720
DA:176,487
DA:177,31
DA:178,0
DA:180,0
DA:185,0
DA:191,720
DA:192,720
DA:195,720
DA:197,1440
DA:198,720
DA:199,375
DA:200,364
DA:203,720
DA:206,487
DA:208,487
DA:209,974
DA:211,487
DA:212,487
DA:213,2922
DA:225,388
DA:229,190
DA:231,380
DA:232,190
LF:72
LH:63
end_of_record
SF:lib/src/cupertino/app.dart
DA:78,12
DA:101,0
DA:102,0
DA:103,0
DA:104,0
DA:105,0
DA:106,0
DA:107,0
DA:108,0
DA:109,12
DA:196,12
DA:197,12
DA:202,12
DA:203,12
DA:207,10
DA:213,10
DA:222,12
DA:224,12
DA:225,24
DA:226,12
DA:229,3
DA:231,3
DA:232,12
DA:237,0
DA:239,3
DA:244,12
DA:245,24
DA:246,3
DA:247,2
DA:248,0
DA:249,48
DA:250,24
DA:252,0
DA:261,12
DA:262,24
DA:263,2
DA:267,12
DA:269,12
DA:270,12
DA:271,12
DA:272,12
DA:273,24
DA:274,12
DA:277,12
DA:278,12
DA:279,24
DA:280,24
DA:281,24
DA:282,24
DA:283,24
DA:284,24
DA:285,24
DA:286,24
DA:288,24
DA:289,24
DA:290,12
DA:291,24
DA:292,24
DA:293,24
DA:294,24
DA:295,24
DA:296,24
DA:297,24
DA:298,24
DA:299,0
DA:300,0
LF:66
LH:53
end_of_record
SF:lib/src/cupertino/bottom_tab_bar.dart
DA:38,4
DA:54,0
DA:55,9
DA:56,0
DA:57,12
DA:58,0
DA:59,4
DA:106,16
DA:108,4
DA:111,4
DA:113,12
DA:114,4
DA:115,4
DA:116,4
DA:117,4
DA:119,4
DA:120,4
DA:121,4
DA:122,4
DA:123,4
DA:124,4
DA:126,4
DA:127,4
DA:132,4
DA:134,4
DA:135,4
DA:136,4
DA:139,4
DA:147,4
DA:149,3
DA:150,3
DA:151,3
DA:160,4
DA:161,4
DA:163,16
DA:164,8
DA:165,4
DA:166,4
DA:167,4
DA:168,4
DA:171,16
DA:172,4
DA:174,12
DA:175,4
DA:177,4
DA:179,12
DA:193,4
DA:194,4
DA:195,4
DA:196,12
DA:200,4
DA:201,8
DA:208,4
DA:212,4
DA:213,8
DA:214,4
DA:215,8
DA:223,4
DA:234,4
DA:235,4
DA:236,4
DA:237,4
DA:238,4
DA:239,4
DA:240,4
DA:241,4
DA:242,0
DA:243,0
LF:68
LH:63
end_of_record
SF:lib/src/cupertino/button.dart
DA:47,10
DA:56,20
DA:110,20
DA:112,10
DA:113,10
DA:115,0
DA:117,0
DA:118,0
DA:131,10
DA:133,10
DA:134,20
DA:139,20
DA:140,20
DA:141,20
DA:142,10
DA:145,6
DA:147,6
DA:148,6
DA:151,10
DA:152,40
DA:155,10
DA:157,20
DA:158,10
DA:159,10
DA:164,9
DA:165,9
DA:166,9
DA:167,9
DA:171,9
DA:172,9
DA:173,9
DA:174,9
DA:178,1
DA:179,1
DA:180,1
DA:181,1
DA:185,9
DA:186,18
DA:188,9
DA:189,9
DA:190,18
DA:191,16
DA:192,17
DA:193,24
DA:194,7
DA:198,10
DA:200,20
DA:201,20
DA:203,10
DA:205,10
DA:206,10
DA:207,10
DA:208,20
DA:209,10
DA:211,10
DA:212,20
DA:214,10
DA:215,20
DA:216,20
DA:218,10
DA:219,10
DA:220,10
DA:221,10
DA:222,20
DA:224,2
DA:227,10
DA:228,20
DA:231,10
DA:234,10
DA:236,2
DA:239,2
DA:240,20
LF:72
LH:69
end_of_record
SF:lib/src/cupertino/colors.dart
DA:10,0
LF:1
LH:0
end_of_record
SF:lib/src/cupertino/date_picker.dart
DA:33,1
DA:36,0
DA:37,0
DA:45,1
DA:47,1
DA:49,4
DA:50,5
DA:54,4
DA:55,2
DA:57,4
DA:58,5
DA:59,2
DA:61,4
DA:62,2
DA:64,1
DA:68,1
DA:70,3
DA:71,0
DA:82,497
DA:105,497
DA:168,1
DA:179,1
DA:180,1
DA:181,1
DA:182,1
DA:184,1
DA:188,1
DA:191,0
DA:193,4
DA:197,1
DA:201,3
DA:205,3
DA:249,1
DA:255,4
DA:256,1
DA:258,1
DA:262,1
DA:270,1
DA:273,2
DA:276,2
DA:277,3
DA:281,1
DA:282,2
DA:283,1
DA:284,3
DA:288,1
DA:289,2
DA:290,1
DA:291,3
DA:295,1
DA:297,5
DA:298,0
DA:299,1
DA:301,1
DA:302,2
DA:303,1
DA:304,3
DA:308,1
DA:309,2
DA:310,1
DA:311,3
DA:315,1
DA:316,1
DA:320,1
DA:322,1
DA:323,1
DA:324,2
DA:327,1
DA:333,1
DA:335,1
DA:366,1
DA:368,1
DA:369,3
DA:370,1
DA:371,4
DA:372,4
DA:373,1
DA:375,2
DA:376,3
DA:377,3
DA:378,2
DA:379,0
DA:381,3
DA:385,1
DA:387,1
DA:390,4
DA:395,1
DA:397,1
DA:399,4
DA:400,3
DA:402,3
DA:403,3
DA:405,2
DA:409,1
DA:410,3
DA:411,3
DA:412,3
DA:415,3
DA:419,1
DA:420,1
DA:421,2
DA:422,2
DA:423,2
DA:424,3
DA:426,1
DA:427,1
DA:428,1
DA:429,1
DA:430,4
DA:431,1
DA:436,1
DA:437,1
DA:438,2
DA:444,0
DA:445,0
DA:446,0
DA:448,1
DA:449,1
DA:450,2
DA:451,2
DA:452,2
DA:453,2
DA:455,2
DA:457,2
DA:460,1
DA:462,3
DA:468,1
DA:469,1
DA:470,2
DA:476,1
DA:477,2
DA:478,0
DA:479,0
DA:482,4
DA:486,3
DA:487,2
DA:488,2
DA:489,3
DA:495,2
DA:496,3
DA:500,2
DA:502,2
DA:503,3
DA:505,1
DA:506,1
DA:507,1
DA:508,2
DA:509,2
DA:517,1
DA:518,1
DA:519,2
DA:525,0
DA:526,0
DA:527,0
DA:529,5
DA:530,3
DA:531,1
DA:532,1
DA:533,1
DA:534,2
DA:535,2
DA:543,1
DA:544,1
DA:545,1
DA:551,1
DA:552,1
DA:553,3
DA:555,2
DA:556,1
DA:557,1
DA:558,1
DA:559,1
DA:560,2
DA:561,2
DA:568,1
DA:571,1
DA:572,1
DA:573,1
DA:575,1
DA:576,1
DA:577,1
DA:581,2
DA:582,3
DA:583,0
DA:584,2
DA:585,2
DA:588,0
DA:589,0
DA:594,3
DA:595,3
DA:596,3
DA:597,0
DA:598,0
DA:601,2
DA:602,2
DA:606,1
DA:608,3
DA:610,1
DA:611,2
DA:612,3
DA:613,2
DA:616,3
DA:617,1
DA:618,2
DA:619,0
DA:621,2
DA:623,2
DA:625,1
DA:626,1
DA:627,3
DA:628,1
DA:629,1
DA:631,1
DA:632,5
DA:633,4
DA:635,2
DA:644,1
DA:646,1
DA:648,1
DA:649,1
DA:651,1
DA:682,1
DA:684,1
DA:685,4
DA:686,4
DA:687,4
DA:689,4
DA:692,1
DA:694,1
DA:696,4
DA:697,3
DA:699,3
DA:700,3
DA:702,6
DA:703,6
DA:704,6
DA:707,1
DA:708,6
DA:709,1
DA:710,1
DA:716,1
DA:717,2
DA:718,7
DA:719,6
DA:721,2
DA:723,1
DA:726,1
DA:727,1
DA:728,1
DA:729,3
DA:738,1
DA:739,1
DA:740,3
DA:746,1
DA:747,2
DA:748,7
DA:749,0
DA:751,2
DA:752,1
DA:753,1
DA:754,4
DA:761,1
DA:762,1
DA:763,2
DA:769,0
DA:770,0
DA:771,0
DA:772,0
DA:774,1
DA:775,3
DA:778,2
DA:781,1
DA:783,3
DA:789,1
DA:792,5
DA:793,2
DA:794,3
DA:795,2
DA:797,3
DA:803,2
DA:810,1
DA:812,1
DA:813,1
DA:815,2
DA:816,1
DA:817,4
DA:818,1
DA:819,3
DA:820,3
DA:821,3
DA:823,0
DA:824,0
DA:825,0
DA:826,0
DA:827,0
DA:828,0
DA:830,0
DA:831,0
DA:832,0
DA:833,0
DA:834,0
DA:835,0
DA:837,0
DA:838,0
DA:839,0
DA:840,0
DA:841,0
DA:842,0
DA:845,0
DA:848,1
DA:850,3
DA:851,4
DA:854,2
DA:857,2
DA:859,2
DA:861,1
DA:862,1
DA:863,3
DA:864,1
DA:865,1
DA:866,1
DA:867,1
DA:868,3
DA:869,2
DA:878,1
DA:880,1
DA:881,1
DA:882,1
DA:884,1
DA:885,1
DA:887,1
DA:915,497
DA:959,1
DA:965,0
DA:966,1
DA:967,2
DA:968,2
DA:969,4
DA:970,4
DA:971,3
DA:972,3
DA:991,1
DA:992,1
DA:1009,1
DA:1011,1
DA:1013,5
DA:1015,3
DA:1016,4
DA:1018,3
DA:1019,5
DA:1023,1
DA:1024,1
DA:1031,1
DA:1033,1
DA:1035,4
DA:1036,3
DA:1038,3
DA:1039,3
DA:1042,1
DA:1043,1
DA:1044,2
DA:1045,2
DA:1048,0
DA:1049,0
DA:1050,0
DA:1051,0
DA:1052,0
DA:1053,0
DA:1054,0
DA:1055,0
DA:1058,2
DA:1060,4
DA:1062,2
DA:1063,5
DA:1064,5
DA:1066,1
DA:1069,1
DA:1070,1
DA:1071,2
DA:1072,1
DA:1073,1
DA:1074,1
DA:1075,1
DA:1078,3
DA:1086,1
DA:1087,1
DA:1088,1
DA:1089,1
DA:1090,1
DA:1091,1
DA:1094,3
DA:1095,0
DA:1096,1
DA:1097,4
DA:1102,1
DA:1103,1
DA:1104,1
DA:1110,1
DA:1112,3
DA:1113,0
DA:1114,3
DA:1117,0
DA:1119,1
DA:1120,1
DA:1121,4
DA:1126,0
DA:1127,0
DA:1128,0
DA:1129,0
DA:1130,0
DA:1131,0
DA:1132,0
DA:1133,0
DA:1136,5
DA:1137,3
DA:1139,2
DA:1140,5
DA:1141,5
DA:1143,3
DA:1144,0
DA:1147,0
DA:1148,0
DA:1149,0
DA:1152,0
DA:1153,0
DA:1155,0
DA:1161,1
DA:1164,1
DA:1165,1
DA:1166,1
DA:1167,1
DA:1168,3
DA:1169,0
DA:1170,1
DA:1173,3
DA:1181,1
DA:1184,3
DA:1185,0
DA:1186,0
DA:1187,0
DA:1188,0
DA:1191,0
DA:1192,0
DA:1195,0
DA:1200,1
DA:1201,1
DA:1202,1
DA:1203,1
DA:1204,1
DA:1205,3
DA:1206,0
DA:1207,1
DA:1210,4
DA:1216,1
DA:1217,1
DA:1218,1
DA:1225,1
DA:1226,2
DA:1229,4
DA:1231,1
DA:1232,1
DA:1233,4
DA:1238,0
DA:1239,0
DA:1240,0
DA:1241,0
DA:1242,0
DA:1243,0
DA:1244,0
DA:1245,0
DA:1248,5
DA:1249,3
DA:1251,2
DA:1252,5
DA:1253,5
DA:1255,1
DA:1258,1
DA:1259,1
DA:1260,1
DA:1261,1
DA:1265,3
DA:1273,1
DA:1275,4
DA:1277,1
DA:1278,1
DA:1279,1
DA:1280,2
DA:1281,1
DA:1282,1
DA:1283,1
DA:1284,1
DA:1287,4
DA:1291,1
DA:1292,1
DA:1293,1
DA:1299,1
DA:1307,3
DA:1308,0
DA:1309,0
DA:1310,0
DA:1311,0
DA:1314,3
DA:1315,0
DA:1316,0
DA:1317,0
DA:1318,0
DA:1322,1
DA:1323,1
DA:1324,2
DA:1325,1
DA:1326,1
DA:1327,1
DA:1329,2
DA:1334,1
LF:514
LH:418
end_of_record
SF:lib/src/cupertino/dialog.dart
DA:100,1
DA:101,1
DA:102,2
DA:133,1
DA:140,0
DA:141,1
DA:184,1
DA:185,1
DA:187,2
DA:188,1
DA:189,1
DA:190,1
DA:191,1
DA:193,2
DA:196,1
DA:198,1
DA:206,1
DA:207,1
DA:210,2
DA:211,1
DA:212,1
DA:213,1
DA:220,1
DA:222,1
DA:223,1
DA:224,2
DA:225,1
DA:226,2
DA:228,497
DA:230,1
DA:231,1
DA:232,1
DA:233,1
DA:238,1
DA:240,1
DA:244,1
DA:245,1
DA:246,1
DA:247,1
DA:276,0
DA:279,0
DA:284,0
DA:286,0
DA:287,0
DA:289,0
DA:290,0
DA:313,1
DA:317,1
DA:332,1
DA:334,1
DA:335,1
DA:336,1
DA:337,1
DA:338,1
DA:340,1
DA:341,1
DA:342,1
DA:355,1
DA:359,1
DA:364,1
DA:366,1
DA:367,3
DA:368,1
DA:372,1
DA:374,2
DA:377,1
DA:379,1
DA:384,2
DA:389,1
DA:390,1
DA:392,1
DA:393,1
DA:395,1
DA:397,1
DA:398,2
DA:400,1
DA:401,2
DA:405,1
DA:407,1
DA:408,5
DA:409,5
DA:412,1
DA:414,0
DA:416,1
DA:417,2
DA:419,1
DA:420,2
DA:425,0
DA:427,0
DA:430,1
DA:432,1
DA:433,5
DA:434,5
DA:437,0
DA:439,0
DA:440,0
DA:441,0
DA:443,0
DA:444,0
DA:448,0
DA:450,0
DA:451,0
DA:452,0
DA:454,0
DA:455,0
DA:485,1
DA:495,2
DA:497,1
DA:498,2
DA:499,1
DA:500,0
DA:502,1
DA:503,1
DA:504,2
DA:509,2
DA:511,1
DA:512,2
DA:513,1
DA:514,0
DA:516,1
DA:517,1
DA:518,2
DA:523,2
DA:525,1
DA:526,2
DA:527,0
DA:528,0
DA:532,2
DA:542,1
DA:544,1
DA:545,1
DA:546,2
DA:548,1
DA:549,2
DA:553,1
DA:555,1
DA:556,1
DA:557,2
DA:559,1
DA:560,2
DA:564,1
DA:566,1
DA:567,0
DA:569,1
DA:570,0
DA:574,1
DA:576,2
DA:577,2
DA:581,1
DA:583,1
DA:584,2
DA:586,1
DA:587,2
DA:591,0
DA:593,0
DA:594,0
DA:595,0
DA:597,0
DA:598,0
DA:603,1
DA:605,1
DA:608,1
DA:610,1
DA:613,1
DA:615,2
DA:616,2
DA:617,2
DA:618,3
DA:620,1
DA:625,1
DA:627,2
DA:628,2
DA:629,2
DA:630,3
DA:632,1
DA:637,1
DA:639,1
DA:642,1
DA:647,1
DA:651,1
DA:652,4
DA:653,4
DA:654,1
DA:656,3
DA:659,2
DA:660,4
DA:663,2
DA:666,2
DA:667,5
DA:670,2
DA:673,4
DA:676,3
DA:677,2
DA:682,3
DA:683,2
DA:684,4
DA:687,1
DA:688,4
DA:689,4
DA:690,1
DA:692,3
DA:693,3
DA:697,5
DA:704,2
DA:705,6
DA:708,2
DA:711,2
DA:712,5
DA:715,2
DA:720,0
DA:721,0
DA:724,0
DA:727,0
DA:728,0
DA:731,0
DA:735,4
DA:738,3
DA:739,2
DA:744,3
DA:745,2
DA:746,4
DA:749,1
DA:751,2
DA:752,4
DA:754,8
DA:756,2
DA:759,2
DA:760,4
DA:763,1
DA:764,1
DA:765,1
DA:766,1
DA:767,5
DA:768,2
DA:769,1
DA:771,1
DA:775,1
DA:778,2
DA:779,2
DA:780,4
DA:782,4
DA:791,497
DA:802,1
DA:807,1
DA:828,1
DA:830,2
DA:831,1
DA:832,1
DA:833,2
DA:834,1
DA:837,1
DA:838,1
DA:840,1
DA:843,1
DA:848,1
DA:849,1
DA:850,1
DA:851,1
DA:854,1
DA:855,1
DA:857,1
DA:860,1
DA:866,1
DA:867,0
DA:868,0
DA:869,0
DA:873,1
DA:874,1
DA:875,1
DA:876,1
DA:891,1
DA:895,0
DA:896,1
DA:907,1
DA:908,1
DA:912,1
DA:914,2
DA:916,1
DA:917,5
DA:918,1
DA:919,1
DA:920,3
DA:925,1
DA:926,1
DA:927,2
DA:928,1
DA:930,1
DA:943,1
DA:949,1
DA:950,1
DA:956,1
DA:958,1
DA:959,1
DA:960,1
DA:962,1
DA:965,3
DA:966,1
DA:968,3
DA:969,1
DA:972,4
DA:973,2
DA:988,1
DA:992,1
DA:996,1
DA:998,2
DA:999,1
DA:1000,3
DA:1001,2
DA:1004,1
DA:1005,1
DA:1006,1
DA:1014,1
DA:1029,1
DA:1035,0
DA:1069,2
DA:1071,1
DA:1072,2
DA:1079,1
DA:1084,1
DA:1088,1
DA:1093,3
DA:1094,1
DA:1096,1
DA:1097,1
DA:1099,1
DA:1101,1
DA:1102,1
DA:1103,3
DA:1105,1
DA:1107,1
DA:1108,1
DA:1125,1
DA:1129,1
DA:1136,1
DA:1139,2
DA:1141,1
DA:1142,1
DA:1145,1
DA:1146,3
DA:1155,1
DA:1156,1
DA:1158,1
DA:1160,1
DA:1163,1
DA:1166,1
DA:1168,1
DA:1170,1
DA:1174,1
DA:1176,2
DA:1192,1
DA:1197,1
DA:1201,1
DA:1203,1
DA:1204,1
DA:1207,1
DA:1211,1
DA:1213,2
DA:1216,2
DA:1257,1
DA:1263,1
DA:1266,2
DA:1268,1
DA:1269,2
DA:1270,0
DA:1271,0
DA:1276,2
DA:1278,1
DA:1279,2
DA:1280,0
DA:1281,0
DA:1297,1
DA:1298,1
DA:1300,2
DA:1301,1
DA:1302,1
DA:1305,1
DA:1309,1
DA:1310,1
DA:1312,2
DA:1313,1
DA:1314,1
DA:1317,1
DA:1322,1
DA:1324,2
DA:1325,2
DA:1328,1
DA:1330,1
DA:1333,1
DA:1335,1
DA:1338,1
DA:1341,2
DA:1343,2
DA:1345,1
DA:1347,3
DA:1349,1
DA:1353,1
DA:1361,1
DA:1362,4
DA:1365,2
DA:1366,2
DA:1368,3
DA:1369,497
DA:1370,2
DA:1371,2
DA:1379,1
DA:1380,2
DA:1382,2
DA:1383,2
DA:1384,5
DA:1387,1
DA:1390,2
DA:1393,2
DA:1395,2
DA:1396,2
DA:1398,1
DA:1401,3
DA:1402,497
DA:1403,2
DA:1404,2
DA:1409,1
DA:1414,1
DA:1421,1
DA:1422,2
DA:1424,4
DA:1426,1
DA:1428,2
DA:1429,1
DA:1434,1
DA:1436,2
DA:1438,2
DA:1441,2
DA:1442,2
DA:1443,3
DA:1444,1
DA:1451,1
DA:1453,2
DA:1454,2
DA:1457,2
DA:1458,1
DA:1462,3
DA:1463,5
DA:1467,1
DA:1468,5
DA:1469,5
DA:1475,2
DA:1479,2
DA:1485,3
DA:1486,2
DA:1487,7
DA:1490,3
DA:1491,1
DA:1492,1
DA:1493,497
DA:1494,3
DA:1495,3
DA:1502,2
DA:1507,1
DA:1511,1
DA:1516,2
DA:1517,1
DA:1518,2
DA:1520,3
DA:1521,3
DA:1523,2
DA:1526,1
DA:1527,1
DA:1531,3
DA:1532,2
DA:1537,1
DA:1539,1
DA:1541,3
DA:1542,1
DA:1544,1
DA:1547,1
DA:1550,1
DA:1554,3
DA:1555,1
DA:1556,5
DA:1557,1
DA:1558,1
DA:1559,497
DA:1560,3
DA:1561,3
DA:1564,0
DA:1566,2
DA:1567,0
DA:1569,0
DA:1570,0
DA:1571,0
DA:1572,0
DA:1573,0
DA:1575,1
DA:1578,1
DA:1579,1
DA:1580,2
DA:1581,1
DA:1583,2
DA:1584,0
DA:1587,1
DA:1589,1
DA:1593,1
DA:1594,2
DA:1595,0
DA:1598,1
DA:1600,1
DA:1604,1
DA:1605,1
DA:1607,1
DA:1609,1
DA:1613,1
DA:1614,2
DA:1616,1
DA:1617,1
DA:1618,2
DA:1620,1
DA:1622,1
DA:1626,1
DA:1629,2
DA:1630,1
DA:1631,1
DA:1635,2
DA:1637,1
DA:1638,1
DA:1641,2
DA:1643,1
DA:1644,1
DA:1645,1
DA:1646,2
DA:1647,1
DA:1650,1
DA:1651,1
DA:1652,3
DA:1653,2
DA:1654,2
DA:1660,1
DA:1661,1
DA:1668,1
DA:1669,1
DA:1672,1
DA:1673,4
DA:1676,1
DA:1679,2
DA:1680,2
DA:1681,2
DA:1684,1
DA:1685,1
DA:1687,1
DA:1688,3
DA:1689,1
DA:1693,1
DA:1695,1
LF:551
LH:492
end_of_record
SF:lib/src/cupertino/icons.dart
DA:29,0
LF:1
LH:0
end_of_record
SF:lib/src/cupertino/localizations.dart
DA:12,497
DA:32,497
DA:200,5
DA:201,5
DA:206,105
DA:208,105
DA:209,210
DA:211,105
DA:212,105
DA:214,44
DA:217,0
DA:228,106
DA:272,2
DA:273,2
DA:275,2
DA:276,4
DA:278,2
DA:279,2
DA:281,2
DA:282,2
DA:284,2
DA:285,4
DA:287,2
DA:288,4
DA:290,2
DA:292,2
DA:294,4
DA:297,3
DA:299,9
DA:300,9
DA:301,9
DA:304,2
DA:307,2
DA:310,2
DA:313,2
DA:316,1
DA:319,2
DA:320,2
DA:322,2
DA:323,2
DA:325,2
DA:326,2
DA:328,2
DA:329,2
DA:331,2
DA:334,2
DA:337,1
DA:340,1
DA:343,1
DA:346,3
DA:355,105
DA:356,105
LF:52
LH:51
end_of_record
SF:lib/src/cupertino/nav_bar.dart
DA:71,496
DA:76,0
DA:77,0
DA:79,4
DA:84,12
DA:88,12
DA:91,4
DA:93,8
DA:97,4
DA:98,4
DA:111,4
DA:119,8
DA:123,4
DA:129,4
DA:130,4
DA:137,8
DA:140,4
DA:141,4
DA:142,4
DA:149,4
DA:150,4
DA:155,8
DA:200,4
DA:214,0
DA:215,0
DA:216,0
DA:218,0
DA:223,0
DA:227,4
DA:368,4
DA:369,12
DA:371,4
DA:376,4
DA:378,4
DA:388,4
DA:390,4
DA:391,8
DA:394,4
DA:396,4
DA:397,4
DA:398,4
DA:399,8
DA:400,8
DA:401,8
DA:402,8
DA:403,8
DA:404,8
DA:405,8
DA:406,8
DA:411,4
DA:412,8
DA:413,8
DA:414,4
DA:416,8
DA:420,12
DA:424,4
DA:425,12
DA:426,8
DA:427,0
DA:428,4
DA:429,4
DA:430,4
DA:432,4
DA:433,4
DA:434,8
DA:435,8
DA:436,8
DA:437,8
DA:495,3
DA:510,0
DA:511,0
DA:513,3
DA:518,3
DA:599,0
DA:601,3
DA:602,3
DA:611,3
DA:613,3
DA:614,6
DA:617,3
DA:619,3
DA:620,3
DA:621,3
DA:622,6
DA:623,6
DA:624,6
DA:625,6
DA:626,6
DA:627,6
DA:628,6
DA:629,6
DA:630,6
DA:634,3
DA:636,3
DA:637,3
DA:639,6
DA:640,6
DA:641,6
DA:642,6
DA:643,6
DA:644,6
DA:645,6
DA:646,12
DA:647,6
DA:655,3
DA:667,0
DA:668,0
DA:669,0
DA:683,3
DA:684,3
DA:686,3
DA:687,6
DA:689,3
DA:691,15
DA:694,3
DA:695,3
DA:696,3
DA:699,3
DA:702,3
DA:703,3
DA:704,3
DA:705,3
DA:707,3
DA:708,3
DA:709,3
DA:713,3
DA:717,3
DA:721,3
DA:726,3
DA:729,3
DA:732,3
DA:734,3
DA:738,6
DA:747,3
DA:757,6
DA:761,3
DA:762,6
DA:763,6
DA:764,0
DA:765,3
DA:766,3
DA:767,3
DA:772,3
DA:773,3
DA:774,3
DA:775,3
DA:776,3
DA:777,3
DA:784,0
DA:786,0
DA:787,0
DA:788,0
DA:789,0
DA:790,0
DA:791,0
DA:792,0
DA:793,0
DA:794,0
DA:795,0
DA:805,4
DA:810,4
DA:819,4
DA:821,8
DA:824,4
DA:826,4
DA:830,4
DA:832,3
DA:833,3
DA:839,8
DA:840,8
DA:841,8
DA:844,4
DA:847,8
DA:851,4
DA:854,8
DA:859,4
DA:860,1
DA:861,1
DA:862,2
DA:863,2
DA:869,4
DA:870,16
DA:871,4
DA:887,4
DA:888,4
DA:889,4
DA:890,4
DA:891,4
DA:892,4
DA:893,4
DA:894,4
DA:911,4
DA:924,4
DA:925,4
DA:932,4
DA:933,4
DA:938,4
DA:939,4
DA:945,4
DA:946,4
DA:953,4
DA:954,4
DA:959,4
DA:960,4
DA:967,3
DA:973,3
DA:974,3
DA:975,4
DA:984,4
DA:998,4
DA:999,4
DA:1000,4
DA:1002,2
DA:1005,3
DA:1013,2
DA:1015,2
DA:1016,2
DA:1017,1
DA:1019,2
DA:1020,2
DA:1021,2
DA:1022,2
DA:1034,4
DA:1044,4
DA:1045,8
DA:1050,4
DA:1056,4
DA:1067,4
DA:1068,8
DA:1073,4
DA:1075,4
DA:1085,4
DA:1099,3
DA:1108,4
DA:1115,4
DA:1125,2
DA:1127,2
DA:1128,2
DA:1129,1
DA:1131,2
DA:1132,2
DA:1133,2
DA:1134,2
DA:1148,4
DA:1159,2
DA:1165,0
DA:1169,3
DA:1190,0
DA:1195,0
DA:1199,4
DA:1204,0
DA:1220,4
DA:1222,4
DA:1224,4
DA:1228,4
DA:1229,4
DA:1234,4
DA:1236,4
DA:1237,8
DA:1238,4
DA:1241,4
DA:1243,4
DA:1245,4
DA:1246,4
DA:1247,0
DA:1257,2
DA:1264,24
DA:1266,4
DA:1268,4
DA:1269,8
DA:1273,4
DA:1274,4
DA:1275,8
DA:1276,4
DA:1278,4
DA:1280,4
DA:1281,4
DA:1286,4
DA:1287,1
DA:1288,2
DA:1294,4
DA:1305,4
DA:1309,0
DA:1310,4
DA:1317,4
DA:1322,3
DA:1328,6
DA:1332,3
DA:1339,4
DA:1341,4
DA:1342,2
DA:1343,8
DA:1344,4
DA:1348,4
DA:1349,4
DA:1350,4
DA:1367,4
DA:1375,0
DA:1376,0
DA:1377,8
DA:1387,2
DA:1388,8
DA:1390,2
DA:1398,4
DA:1400,4
DA:1402,8
DA:1403,4
DA:1405,12
DA:1411,12
DA:1419,4
DA:1424,4
DA:1425,4
DA:1445,2
DA:1449,2
DA:1450,6
DA:1451,6
DA:1453,2
DA:1454,2
DA:1455,2
DA:1457,2
DA:1458,2
DA:1459,2
DA:1470,2
DA:1472,2
DA:1473,2
DA:1474,2
DA:1475,2
DA:1476,2
DA:1479,2
DA:1482,2
DA:1483,2
DA:1484,2
DA:1485,2
DA:1488,6
DA:1489,6
DA:1490,2
DA:1491,6
DA:1498,2
DA:1499,2
DA:1500,2
DA:1501,2
DA:1502,2
DA:1503,2
DA:1505,2
DA:1506,2
DA:1507,2
DA:1508,2
DA:1509,2
DA:1510,2
DA:1513,4
DA:1519,2
DA:1520,513
DA:1522,2
DA:1552,2
DA:1557,2
DA:1558,2
DA:1559,2
DA:1560,2
DA:1561,4
DA:1562,4
DA:1563,2
DA:1564,2
DA:1565,2
DA:1566,2
DA:1569,10
DA:1570,2
DA:1607,2
DA:1611,4
DA:1612,2
DA:1614,2
DA:1615,6
DA:1616,2
DA:1630,2
DA:1636,2
DA:1638,4
DA:1639,4
DA:1645,2
DA:1648,2
DA:1650,16
DA:1651,4
DA:1653,4
DA:1656,7
DA:1659,2
DA:1661,4
DA:1665,2
DA:1666,8
DA:1667,4
DA:1671,2
DA:1672,8
DA:1673,4
DA:1677,2
DA:1678,6
DA:1684,1
DA:1685,4
DA:1686,1
DA:1687,1
DA:1688,1
DA:1693,2
DA:1694,6
DA:1700,2
DA:1701,8
DA:1702,2
DA:1703,2
DA:1704,2
DA:1705,2
DA:1706,2
DA:1712,2
DA:1713,6
DA:1719,8
DA:1722,2
DA:1724,2
DA:1725,2
DA:1726,14
DA:1732,2
DA:1733,4
DA:1734,2
DA:1735,2
DA:1736,2
DA:1737,2
DA:1738,2
DA:1744,2
DA:1745,6
DA:1746,6
DA:1747,6
DA:1751,4
DA:1757,2
DA:1758,6
DA:1759,4
DA:1760,2
DA:1761,4
DA:1762,2
DA:1764,2
DA:1766,4
DA:1767,2
DA:1771,2
DA:1772,6
DA:1774,2
DA:1776,2
DA:1787,1
DA:1788,4
DA:1789,1
DA:1790,2
DA:1792,1
DA:1794,1
DA:1803,2
DA:1804,6
DA:1805,6
DA:1806,6
DA:1808,1
DA:1814,1
DA:1815,3
DA:1816,2
DA:1817,1
DA:1818,2
DA:1819,1
DA:1821,1
DA:1822,1
DA:1823,1
DA:1827,1
DA:1828,3
DA:1830,1
DA:1834,1
DA:1844,0
DA:1846,0
DA:1848,0
DA:1849,0
DA:1850,0
DA:1858,0
DA:1859,0
DA:1860,0
DA:1861,0
DA:1863,0
DA:1865,0
DA:1874,2
DA:1875,6
DA:1881,1
DA:1882,4
DA:1883,1
DA:1884,1
DA:1885,1
DA:1890,2
DA:1891,6
DA:1897,1
DA:1898,4
DA:1899,1
DA:1900,1
DA:1901,1
DA:1906,2
DA:1907,6
DA:1908,6
DA:1914,8
DA:1920,4
DA:1921,1
DA:1922,1
DA:1923,5
DA:1929,2
DA:1934,2
DA:1935,4
DA:1936,2
DA:1937,2
DA:1938,2
DA:1939,2
DA:1940,2
DA:1946,2
DA:1947,6
DA:1948,6
DA:1949,6
DA:1956,8
DA:1961,6
DA:1962,0
DA:1964,0
DA:1975,1
DA:1977,1
DA:1978,3
DA:1979,2
DA:1980,1
DA:1981,2
DA:1982,1
DA:1984,1
DA:1985,1
DA:1986,1
DA:1987,3
DA:1989,1
DA:1993,1
DA:2002,2
DA:2003,6
DA:2004,4
DA:2005,2
DA:2006,4
DA:2007,2
DA:2009,2
DA:2010,2
DA:2011,2
DA:2012,6
DA:2014,2
DA:2016,2
DA:2025,2
DA:2026,6
DA:2034,4
DA:2038,8
DA:2041,2
DA:2042,2
DA:2043,2
DA:2044,12
DA:2051,2
DA:2052,4
DA:2053,2
DA:2054,2
DA:2055,2
DA:2057,2
DA:2063,2
DA:2064,6
DA:2070,0
DA:2071,0
DA:2072,0
DA:2073,0
DA:2074,0
DA:2079,2
DA:2080,6
DA:2082,1
DA:2086,4
DA:2089,1
DA:2090,1
DA:2091,1
DA:2092,5
DA:2099,1
DA:2100,2
DA:2101,1
DA:2102,1
DA:2103,1
DA:2107,1
DA:2116,4
DA:2117,4
DA:2118,20
DA:2119,20
DA:2121,4
DA:2122,8
DA:2123,8
DA:2127,2
DA:2131,2
DA:2143,2
DA:2153,2
DA:2160,0
DA:2161,0
DA:2162,0
DA:2163,0
DA:2164,4
DA:2165,4
DA:2167,2
DA:2168,2
DA:2170,4
DA:2171,4
DA:2173,2
DA:2174,2
DA:2176,2
DA:2177,2
DA:2180,8
DA:2184,8
DA:2189,2
DA:2190,2
DA:2196,1
DA:2197,1
LF:602
LH:546
end_of_record
SF:lib/src/foundation/diagnostics.dart
DA:20,499
DA:77,499
DA:135,269
DA:156,0
DA:157,0
DA:158,0
DA:159,0
DA:160,0
DA:161,0
DA:162,0
DA:163,0
DA:164,0
DA:165,0
DA:166,0
DA:167,0
DA:168,0
DA:169,0
DA:170,0
DA:171,0
DA:172,0
DA:173,0
DA:174,0
DA:175,0
DA:176,538
DA:531,269
DA:547,38
DA:551,269
DA:552,269
DA:555,269
DA:558,56
DA:559,0
DA:560,28
DA:561,52
DA:562,13
DA:564,56
DA:565,28
DA:569,538
DA:570,807
DA:571,265
DA:572,72
DA:573,24
DA:577,269
DA:578,0
DA:581,269
DA:582,807
DA:583,552
DA:584,14
DA:585,14
DA:586,28
DA:587,28
DA:591,0
DA:593,269
DA:598,21
DA:599,21
DA:601,42
DA:602,42
DA:612,21
DA:613,21
DA:615,42
DA:616,21
DA:617,8
DA:618,21
DA:621,269
DA:622,538
DA:626,497
DA:644,269
DA:649,0
DA:650,0
DA:654,269
DA:665,11
DA:670,0
DA:671,0
DA:672,11
DA:707,1340
DA:718,5
DA:728,265
DA:749,2
DA:761,2
DA:763,2
DA:764,2
DA:765,2
DA:766,2
DA:767,4
DA:768,2
DA:769,2
DA:770,4
DA:771,4
DA:772,4
DA:773,4
DA:787,269
DA:792,269
DA:793,0
DA:794,538
DA:795,269
DA:797,1
DA:799,4
DA:802,3
DA:803,4
DA:808,269
DA:810,269
DA:811,269
DA:812,269
DA:813,5
DA:814,269
DA:815,22
DA:816,269
DA:817,3
DA:818,269
DA:819,6
DA:820,269
DA:821,4
DA:822,269
DA:823,269
DA:834,21
DA:838,42
DA:839,21
DA:860,269
DA:866,0
DA:869,269
DA:870,269
DA:871,269
DA:872,538
DA:874,269
DA:879,269
DA:880,269
DA:881,0
DA:882,0
DA:884,1064
DA:885,524
DA:886,262
DA:887,524
DA:889,262
DA:890,524
DA:891,268
DA:892,6
DA:894,807
DA:895,294
DA:896,269
DA:899,538
DA:900,534
DA:901,269
DA:903,807
DA:904,526
DA:906,269
DA:907,46
DA:909,269
DA:910,526
DA:912,807
DA:914,269
DA:915,3
DA:916,1
DA:917,1
DA:918,2
DA:919,1
DA:920,2
DA:923,801
DA:924,263
DA:925,263
DA:926,488
DA:929,526
DA:930,4
DA:931,8
DA:932,12
DA:933,16
DA:939,526
DA:940,263
DA:941,309
DA:942,263
DA:946,12
DA:947,36
DA:948,12
DA:949,12
DA:950,4
DA:951,36
DA:954,263
DA:955,46
DA:957,269
DA:958,526
DA:960,269
DA:961,538
DA:963,538
DA:965,269
DA:966,269
DA:967,19
DA:968,19
DA:969,19
DA:970,54
DA:973,294
DA:974,21
DA:975,16
DA:976,45
DA:977,26
DA:980,63
DA:981,21
DA:982,0
DA:983,21
DA:984,63
DA:985,42
DA:986,42
DA:988,63
DA:992,42
DA:993,16
DA:995,36
DA:996,24
DA:997,36
DA:998,24
DA:1004,24
DA:1005,4
DA:1009,269
DA:1049,11
DA:1051,0
DA:1052,0
DA:1053,0
DA:1054,11
DA:1067,17
DA:1075,0
DA:1076,0
DA:1077,0
DA:1078,17
DA:1092,2
DA:1094,2
DA:1095,4
DA:1099,15
DA:1101,30
DA:1103,15
DA:1108,11
DA:1111,15
DA:1114,13
DA:1115,1
DA:1116,12
DA:1118,6
DA:1123,37
DA:1131,37
DA:1141,2
DA:1149,2
DA:1159,2
DA:1161,2
DA:1162,2
DA:1163,2
DA:1165,4
DA:1179,30
DA:1181,30
DA:1182,6
DA:1184,85
DA:1194,34
DA:1201,0
DA:1202,0
DA:1203,34
DA:1220,2
DA:1229,0
DA:1230,0
DA:1231,2
DA:1242,28
DA:1243,55
DA:1253,18
DA:1259,0
DA:1260,0
DA:1261,18
DA:1271,10
DA:1272,20
DA:1286,5
DA:1292,0
DA:1293,0
DA:1294,5
DA:1304,4
DA:1306,4
DA:1307,2
DA:1308,17
DA:1311,4
DA:1313,4
DA:1314,0
DA:1315,20
DA:1365,141
DA:1372,0
DA:1373,0
DA:1374,0
DA:1375,141
DA:1383,2
DA:1385,2
DA:1386,2
DA:1387,4
DA:1388,2
DA:1389,4
DA:1406,34
DA:1408,68
DA:1409,31
DA:1410,31
DA:1411,14
DA:1412,6
DA:1413,5
DA:1415,4
DA:1418,34
DA:1420,207
DA:1427,33
DA:1430,141
DA:1432,282
DA:1433,33
DA:1436,280
DA:1437,136
DA:1440,33
DA:1460,9
DA:1467,0
DA:1468,0
DA:1469,0
DA:1470,9
DA:1481,6
DA:1483,6
DA:1484,4
DA:1486,10
DA:1487,4
DA:1489,5
DA:1492,9
DA:1495,16
DA:1505,8
DA:1507,13
DA:1509,8
DA:1512,1
DA:1514,1
DA:1515,1
DA:1516,6
DA:1535,254
DA:1538,0
DA:1539,254
DA:1546,246
DA:1548,246
DA:1549,8
DA:1550,492
DA:1579,219
DA:1584,0
DA:1585,0
DA:1586,0
DA:1587,219
DA:1601,17
DA:1605,0
DA:1606,0
DA:1607,17
DA:1608,17
DA:1622,3
DA:1624,3
DA:1625,3
DA:1626,3
DA:1628,1
DA:1629,1
DA:1631,1
DA:1634,6
DA:1636,20
DA:1643,6
DA:1646,219
DA:1648,219
DA:1649,218
DA:1652,19
DA:1656,6
DA:1659,1
DA:1661,1
DA:1662,1
DA:1663,2
DA:1692,269
DA:1705,0
DA:1706,0
DA:1707,0
DA:1708,0
DA:1715,269
DA:1734,2
DA:1747,0
DA:1748,0
DA:1749,3
DA:1750,0
DA:1751,0
DA:1752,0
DA:1759,2
DA:1768,2
DA:1770,2
DA:1771,4
DA:1772,6
DA:1773,2
DA:1774,2
DA:1775,2
DA:1776,4
DA:1777,2
DA:1778,4
DA:1779,4
DA:1780,2
DA:1781,3
DA:1782,6
DA:1783,4
DA:1784,6
DA:1785,2
DA:1786,0
DA:1803,174
DA:1804,174
DA:1808,413
DA:1811,265
DA:1813,265
DA:1814,408
DA:1816,265
DA:1817,6
DA:1819,293
DA:1820,40
DA:1822,265
DA:1823,265
DA:1824,0
DA:1825,265
DA:1833,265
DA:1834,0
DA:1835,297
DA:1867,2
DA:1879,269
DA:1881,269
DA:1882,269
DA:1894,269
DA:1895,269
DA:1896,269
DA:1899,269
DA:1900,269
DA:1903,2
DA:1904,2
DA:1906,4
DA:1908,2
DA:1909,2
DA:1932,268
DA:1934,536
DA:1935,26
DA:1937,268
DA:1940,496
DA:1944,1334
DA:1947,264
DA:1952,265
DA:1953,265
DA:1955,265
DA:1956,265
DA:1965,267
DA:1969,0
DA:1970,267
DA:1980,267
DA:1981,267
DA:1982,534
DA:1983,801
DA:1985,267
DA:1988,267
DA:1989,321
DA:1992,267
DA:1993,534
DA:1995,267
DA:1996,534
DA:1998,217
DA:2003,267
DA:2005,534
DA:2011,188
DA:2015,188
DA:2021,188
DA:2023,188
DA:2024,376
DA:2031,262
DA:2032,1048
DA:2044,1048
DA:2064,246
DA:2065,246
DA:2066,246
DA:2067,984
DA:2068,492
DA:2075,268
DA:2076,536
DA:2119,497
DA:2127,426
DA:2129,225
DA:2131,450
DA:2143,217
DA:2144,217
DA:2354,231
DA:2375,497
DA:2394,0
DA:2398,0
DA:2399,0
DA:2400,0
DA:2401,0
DA:2402,0
DA:2403,0
DA:2404,0
DA:2406,0
DA:2427,6
DA:2432,12
DA:2435,0
DA:2436,0
DA:2438,33
DA:2440,33
DA:2464,18
DA:2472,155
DA:2474,310
DA:2477,3
DA:2482,3
DA:2483,6
DA:2484,3
DA:2485,3
DA:2486,3
DA:2487,3
DA:2488,15
DA:2490,3
DA:2493,22
DA:2499,44
DA:2502,161
DA:2503,161
DA:2505,178
DA:2507,178
DA:2514,155
DA:2517,157
LF:505
LH:422
end_of_record
SF:lib/src/cupertino/page_scaffold.dart
DA:21,4
DA:27,0
DA:28,0
DA:29,4
DA:63,4
DA:65,4
DA:67,4
DA:68,4
DA:69,4
DA:74,24
DA:77,4
DA:78,8
DA:84,8
DA:85,1
DA:86,1
DA:87,1
DA:90,4
DA:91,4
DA:92,8
DA:96,4
DA:97,4
DA:98,4
DA:105,4
DA:107,4
DA:108,8
DA:112,4
DA:116,4
DA:117,8
DA:118,4
LF:29
LH:27
end_of_record
SF:lib/src/cupertino/picker.dart
DA:49,2
DA:61,0
DA:62,0
DA:63,2
DA:64,2
DA:65,0
DA:66,2
DA:68,1
DA:69,2
DA:70,2
DA:89,1
DA:101,0
DA:102,0
DA:103,1
DA:104,1
DA:105,0
DA:106,1
DA:107,1
DA:108,1
DA:162,2
DA:163,2
DA:170,2
DA:172,2
DA:173,4
DA:174,4
DA:178,1
DA:180,3
DA:181,1
DA:182,3
DA:183,1
DA:184,2
DA:186,1
DA:189,2
DA:191,4
DA:192,2
DA:195,2
DA:198,4
DA:199,2
DA:200,1
DA:201,1
DA:204,4
DA:205,4
DA:210,2
DA:215,12
DA:216,1
DA:218,4
DA:219,2
DA:220,2
DA:221,2
DA:222,2
DA:223,2
DA:224,2
DA:226,2
DA:227,2
DA:228,2
DA:229,2
DA:230,2
DA:231,2
DA:248,2
DA:249,6
DA:250,10
DA:253,2
DA:254,2
DA:255,2
DA:256,2
DA:257,2
DA:261,2
DA:268,2
DA:269,10
DA:272,2
DA:273,2
DA:282,1
DA:283,3
DA:284,5
DA:287,1
DA:288,1
DA:289,2
DA:290,1
DA:292,1
DA:293,5
DA:296,2
DA:301,2
DA:302,2
DA:303,2
DA:304,4
DA:310,2
DA:312,2
DA:313,2
DA:314,2
DA:315,2
DA:316,6
DA:317,2
DA:318,6
DA:320,4
DA:322,4
DA:323,4
DA:324,4
DA:325,4
DA:326,2
DA:327,4
DA:331,2
DA:332,2
DA:337,12
DA:338,1
DA:339,1
DA:340,1
DA:341,1
DA:345,2
DA:358,2
DA:362,2
DA:366,2
DA:367,6
DA:369,1
DA:372,2
DA:373,2
DA:378,2
DA:379,2
DA:382,4
DA:384,2
DA:385,4
DA:387,2
DA:388,3
DA:390,4
DA:391,4
DA:392,2
DA:395,4
DA:397,1
DA:398,2
DA:400,0
DA:401,0
DA:406,1
DA:407,4
DA:410,0
DA:411,0
DA:413,0
DA:416,2
DA:417,8
DA:419,6
DA:420,2
DA:422,2
DA:424,2
DA:425,2
DA:426,4
DA:429,1
DA:431,1
DA:432,0
DA:433,1
DA:434,1
DA:435,2
DA:436,1
DA:437,2
DA:440,2
DA:441,0
DA:443,4
DA:444,3
DA:445,3
DA:447,2
DA:448,2
DA:451,2
DA:452,2
DA:454,1
LF:161
LH:148
end_of_record
SF:lib/src/cupertino/refresh.dart
DA:17,1
DA:22,0
DA:23,1
DA:24,0
DA:25,1
DA:35,1
DA:37,1
DA:38,1
DA:39,1
DA:43,1
DA:46,2
DA:47,2
DA:59,1
DA:63,0
DA:64,1
DA:65,0
DA:68,1
DA:73,0
DA:75,1
DA:76,0
DA:77,1
DA:78,2
DA:80,0
DA:81,0
DA:87,0
DA:89,1
DA:90,0
DA:91,2
DA:93,1
DA:94,1
DA:103,1
DA:106,3
DA:107,3
DA:111,3
DA:115,2
DA:116,2
DA:117,2
DA:119,1
DA:127,4
DA:129,6
DA:133,2
DA:134,2
DA:138,1
DA:143,2
DA:145,4
DA:146,497
DA:151,503
DA:154,497
DA:155,503
DA:158,500
DA:162,1
DA:166,1
DA:168,3
DA:169,7
DA:170,2
DA:176,1
DA:184,497
DA:279,1
DA:285,0
DA:286,1
DA:287,0
DA:288,1
DA:290,1
DA:294,1
DA:344,1
DA:347,1
DA:348,1
DA:355,0
DA:362,0
DA:364,0
DA:366,0
DA:367,0
DA:368,0
DA:369,497
DA:377,0
DA:378,0
DA:379,497
DA:387,1
DA:388,1
DA:410,1
DA:412,1
DA:413,1
DA:418,1
DA:421,1
DA:425,3
DA:426,3
DA:428,3
DA:429,3
DA:434,1
DA:435,1
DA:436,2
DA:443,1
DA:444,2
DA:446,4
DA:449,2
DA:450,1
DA:454,3
DA:455,5
DA:456,1
DA:457,3
DA:462,2
DA:465,3
DA:473,1
DA:474,3
DA:475,1
DA:479,4
DA:486,1
DA:487,1
DA:490,1
DA:494,1
DA:499,2
DA:500,3
DA:511,1
DA:513,1
DA:514,2
DA:515,1
DA:518,1
DA:519,1
DA:520,2
DA:521,2
DA:522,4
DA:523,2
DA:525,1
DA:526,1
DA:527,2
DA:528,2
DA:531,1
LF:127
LH:107
end_of_record
SF:lib/src/cupertino/route.dart
DA:90,12
DA:96,0
DA:97,0
DA:98,0
DA:99,12
DA:101,12
DA:130,4
DA:132,4
DA:135,4
DA:138,7
DA:140,7
DA:141,7
DA:143,7
DA:144,14
DA:146,2
DA:148,7
DA:154,12
DA:157,12
DA:160,12
DA:163,7
DA:165,7
DA:168,9
DA:171,16
DA:174,12
DA:176,24
DA:177,12
DA:186,282
DA:197,0
DA:208,0
DA:210,6
DA:213,6
DA:217,5
DA:221,5
DA:224,5
DA:227,15
DA:230,10
DA:237,12
DA:239,12
DA:242,12
DA:244,12
DA:246,0
DA:247,0
DA:252,12
DA:259,5
DA:260,10
DA:261,5
DA:262,10
DA:265,5
DA:266,5
DA:267,5
DA:268,4
DA:269,4
DA:271,8
DA:291,32
DA:298,32
DA:299,5
DA:304,32
DA:309,64
DA:310,32
DA:311,12
DA:312,10
DA:319,12
DA:321,12
DA:324,12
DA:325,48
DA:341,32
DA:347,0
DA:349,32
DA:354,64
DA:355,32
DA:359,64
DA:360,32
DA:363,64
DA:364,32
DA:375,32
DA:377,32
DA:378,32
DA:379,32
DA:380,32
DA:383,32
DA:384,32
DA:386,32
DA:387,32
DA:388,32
DA:401,5
DA:406,10
DA:407,10
DA:408,5
DA:415,5
DA:417,5
DA:418,5
DA:419,5
DA:436,32
DA:441,0
DA:442,0
DA:443,0
DA:444,32
DA:452,32
DA:453,32
DA:461,32
DA:463,32
DA:464,64
DA:465,64
DA:466,64
DA:467,64
DA:468,64
DA:471,32
DA:473,64
DA:474,32
DA:477,5
DA:478,5
DA:479,5
DA:480,15
DA:483,5
DA:484,5
DA:485,5
DA:486,40
DA:489,4
DA:490,4
DA:491,4
DA:492,40
DA:493,4
DA:496,0
DA:497,0
DA:500,0
DA:501,0
DA:504,6
DA:505,12
DA:506,10
DA:509,5
DA:510,10
DA:511,5
DA:512,1
DA:513,5
DA:519,32
DA:521,32
DA:524,64
DA:525,96
DA:526,6
DA:527,497
DA:528,32
DA:530,32
DA:531,64
DA:532,32
DA:537,32
DA:538,32
DA:563,5
DA:567,0
DA:568,0
DA:569,0
DA:570,10
DA:586,5
DA:587,15
DA:592,4
DA:596,8
DA:597,0
DA:598,12
DA:599,8
DA:601,2
DA:603,8
DA:604,12
DA:605,12
DA:608,4
DA:609,12
DA:612,4
DA:613,4
DA:614,12
DA:615,4
DA:616,4
DA:617,8
DA:618,4
DA:621,4
DA:622,4
DA:623,0
DA:624,8
DA:638,32
DA:667,8
DA:672,0
DA:675,8
DA:676,24
DA:680,8
DA:682,8
DA:683,0
DA:684,8
DA:687,0
DA:689,0
DA:690,0
DA:691,0
DA:694,32
DA:696,32
DA:699,23
DA:701,69
DA:704,69
DA:707,0
DA:708,0
DA:710,0
DA:712,0
DA:713,0
DA:719,32
DA:722,0
DA:723,32
DA:727,32
DA:729,64
DA:734,32
DA:735,0
DA:738,32
DA:739,4
DA:741,32
DA:742,96
DA:745,96
DA:746,32
DA:747,64
DA:749,32
DA:754,1
DA:758,1
DA:765,1
DA:768,1
DA:771,1
DA:774,1
DA:781,1
DA:783,1
DA:784,2
DA:785,1
DA:787,1
DA:789,2
DA:793,1
DA:796,1
DA:798,1
DA:801,1
DA:803,1
DA:805,1
DA:806,3
DA:837,1
DA:841,2
DA:842,1
DA:852,1
DA:853,1
DA:857,2
DA:858,1
DA:863,1
DA:865,1
DA:867,2
DA:901,1
DA:905,0
DA:906,1
DA:911,1
DA:912,1
LF:247
LH:213
end_of_record
SF:lib/src/cupertino/scrollbar.dart
DA:39,5
DA:42,5
DA:50,5
DA:51,5
DA:62,5
DA:64,5
DA:65,10
DA:69,10
DA:70,5
DA:75,5
DA:77,5
DA:78,15
DA:79,10
DA:83,5
DA:84,5
DA:86,5
DA:88,5
DA:97,5
DA:98,5
DA:99,5
DA:101,15
DA:102,10
DA:105,7
DA:106,25
DA:107,5
DA:110,5
DA:111,8
DA:112,4
DA:113,2
DA:119,5
DA:121,10
DA:122,7
DA:123,10
DA:124,5
DA:127,5
DA:129,5
DA:130,5
DA:131,5
DA:132,5
DA:133,5
DA:134,5
DA:135,10
LF:42
LH:42
end_of_record
SF:lib/src/cupertino/segmented_control.dart
DA:83,2
DA:92,1
DA:93,5
DA:94,1
DA:95,9
DA:97,1
DA:98,0
DA:99,0
DA:100,0
DA:101,2
DA:198,2
DA:199,2
DA:213,2
DA:215,2
DA:216,4
DA:217,4
DA:218,4
DA:220,4
DA:221,4
DA:222,4
DA:224,4
DA:225,4
DA:226,4
DA:229,8
DA:230,2
DA:231,6
DA:232,6
DA:233,2
DA:235,6
DA:237,4
DA:241,2
DA:242,2
DA:245,4
DA:246,4
DA:252,2
DA:254,4
DA:255,2
DA:257,2
DA:260,1
DA:261,4
DA:262,2
DA:263,1
DA:268,1
DA:269,2
DA:270,1
DA:274,1
DA:275,5
DA:276,1
DA:277,1
DA:281,2
DA:282,6
DA:283,4
DA:284,6
DA:285,4
DA:286,4
DA:289,2
DA:290,6
DA:291,5
DA:292,6
DA:293,4
DA:294,4
DA:295,2
DA:296,4
DA:299,1
DA:300,6
DA:301,0
DA:302,0
DA:304,7
DA:305,3
DA:306,3
DA:311,1
DA:313,1
DA:315,6
DA:316,1
DA:319,4
DA:321,4
DA:322,3
DA:323,3
DA:324,3
DA:326,3
DA:327,3
DA:329,1
DA:334,2
DA:336,2
DA:337,2
DA:341,8
DA:342,6
DA:343,4
DA:345,6
DA:346,2
DA:348,2
DA:349,2
DA:352,2
DA:353,6
DA:356,2
DA:357,1
DA:358,1
DA:360,2
DA:361,1
DA:362,1
DA:364,2
DA:366,2
DA:368,2
DA:371,6
DA:378,4
DA:379,2
DA:380,2
DA:383,2
DA:388,4
DA:391,2
DA:392,4
DA:393,2
DA:402,2
DA:409,2
DA:419,2
DA:421,2
DA:422,2
DA:423,2
DA:424,2
DA:425,2
DA:426,2
DA:430,1
DA:433,2
DA:434,2
DA:435,2
DA:436,2
DA:437,2
DA:450,2
DA:457,0
DA:463,2
DA:466,2
DA:468,1
DA:469,2
DA:472,1
DA:473,1
DA:476,0
DA:478,1
DA:479,2
DA:482,1
DA:483,1
DA:486,4
DA:488,1
DA:489,2
DA:492,0
DA:493,0
DA:496,4
DA:498,1
DA:499,2
DA:502,1
DA:503,1
DA:506,4
DA:508,1
DA:509,2
DA:512,0
DA:513,0
DA:516,2
DA:518,2
DA:521,2
DA:522,2
DA:523,497
DA:524,2
DA:526,4
DA:529,2
DA:531,2
DA:534,2
DA:535,2
DA:536,497
DA:537,2
DA:539,4
DA:542,2
DA:544,2
DA:547,2
DA:548,2
DA:549,497
DA:550,2
DA:555,2
DA:557,2
DA:560,2
DA:561,2
DA:562,497
DA:563,2
DA:568,0
DA:570,0
DA:573,2
DA:575,4
DA:576,4
DA:580,2
DA:584,2
DA:585,2
DA:586,2
DA:587,10
DA:589,2
DA:590,2
DA:592,2
DA:593,2
DA:596,1
DA:598,2
DA:599,6
DA:600,2
DA:604,2
DA:608,8
DA:609,4
DA:610,499
DA:612,505
DA:614,2
DA:616,2
DA:617,497
DA:618,2
DA:621,4
DA:623,2
DA:628,2
DA:630,2
DA:631,2
DA:634,2
DA:635,2
DA:636,1
DA:637,1
DA:638,1
DA:639,1
DA:642,2
DA:643,2
DA:644,2
DA:645,2
DA:646,2
DA:651,12
DA:654,2
DA:656,2
DA:659,2
DA:660,2
DA:661,2
DA:665,2
DA:666,0
DA:668,2
DA:670,4
DA:671,4
DA:672,2
DA:673,6
DA:674,2
DA:676,4
DA:677,4
DA:678,2
DA:679,4
DA:680,2
DA:681,2
DA:684,6
DA:687,1
DA:689,0
DA:690,1
DA:692,1
DA:693,2
DA:694,4
DA:696,1
LF:252
LH:237
end_of_record
SF:lib/src/cupertino/slider.dart
DA:52,1
DA:62,0
DA:63,0
DA:64,0
DA:65,2
DA:66,0
DA:67,1
DA:195,1
DA:196,1
DA:198,0
DA:200,0
DA:201,0
DA:202,0
DA:203,0
DA:208,1
DA:209,2
DA:210,5
DA:211,3
DA:212,2
DA:216,1
DA:217,2
DA:218,7
DA:221,1
DA:222,2
DA:223,7
DA:226,1
DA:228,1
DA:229,11
DA:230,2
DA:231,2
DA:232,3
DA:233,3
DA:234,3
DA:241,1
DA:250,1
DA:260,1
DA:262,1
DA:263,1
DA:264,1
DA:265,1
DA:266,1
DA:267,1
DA:268,1
DA:269,1
DA:270,1
DA:274,1
DA:277,2
DA:278,2
DA:279,2
DA:280,2
DA:281,2
DA:282,2
DA:283,2
DA:298,1
DA:307,2
DA:308,0
DA:314,1
DA:315,2
DA:316,2
DA:317,2
DA:318,2
DA:319,2
DA:323,2
DA:326,2
DA:328,1
DA:329,2
DA:330,2
DA:332,1
DA:333,1
DA:334,0
DA:336,2
DA:337,1
DA:340,2
DA:342,1
DA:343,2
DA:345,0
DA:346,0
DA:349,0
DA:351,1
DA:352,2
DA:354,0
DA:355,0
DA:358,2
DA:360,1
DA:361,2
DA:363,1
DA:364,1
DA:365,2
DA:366,1
DA:372,2
DA:374,1
DA:375,0
DA:376,2
DA:378,0
DA:379,0
DA:387,1
DA:388,2
DA:389,1
DA:390,0
DA:394,1
DA:395,4
DA:396,1
DA:398,1
DA:399,1
DA:400,2
DA:402,1
DA:403,1
DA:406,5
DA:409,2
DA:411,3
DA:413,1
DA:414,1
DA:415,502
DA:416,2
DA:417,1
DA:418,1
DA:419,2
DA:421,1
DA:422,2
DA:425,2
DA:429,2
DA:431,1
DA:432,1
DA:433,1
DA:434,2
DA:436,2
DA:437,2
DA:441,1
DA:442,1
DA:443,2
DA:445,1
DA:448,1
DA:450,6
DA:453,1
DA:455,1
DA:456,2
DA:457,2
DA:462,1
DA:467,1
DA:468,1
DA:469,3
DA:470,1
DA:473,1
DA:474,2
DA:476,1
DA:480,5
DA:481,3
DA:482,1
DA:483,1
DA:484,3
DA:485,3
DA:487,1
DA:488,1
DA:490,1
DA:491,1
DA:492,2
DA:495,1
DA:496,1
DA:497,2
DA:500,1
DA:501,3
DA:504,1
DA:506,1
DA:508,2
DA:509,1
DA:510,2
DA:511,2
DA:512,2
DA:513,5
DA:514,8
DA:515,8
DA:519,2
DA:521,0
DA:522,0
DA:523,0
DA:526,0
DA:527,0
DA:528,0
LF:178
LH:152
end_of_record
SF:lib/src/cupertino/switch.dart
DA:55,3
DA:60,3
DA:94,3
DA:95,3
DA:97,0
DA:99,0
DA:100,0
DA:101,0
DA:106,3
DA:108,3
DA:109,6
DA:110,6
DA:111,6
DA:118,3
DA:124,3
DA:131,3
DA:133,3
DA:134,3
DA:135,3
DA:136,3
DA:137,3
DA:138,3
DA:142,3
DA:145,6
DA:146,6
DA:147,6
DA:148,6
DA:149,6
DA:167,3
DA:173,0
DA:174,0
DA:175,0
DA:181,3
DA:182,6
DA:183,6
DA:184,6
DA:185,6
DA:186,6
DA:187,6
DA:188,6
DA:189,6
DA:190,6
DA:191,6
DA:196,6
DA:197,3
DA:199,6
DA:200,6
DA:201,6
DA:205,6
DA:206,3
DA:208,6
DA:217,6
DA:219,3
DA:220,0
DA:221,6
DA:223,3
DA:224,3
DA:225,3
DA:226,3
DA:227,6
DA:229,6
DA:231,0
DA:234,0
DA:236,3
DA:237,0
DA:238,6
DA:240,0
DA:241,0
DA:242,0
DA:245,4
DA:247,3
DA:248,0
DA:249,6
DA:251,0
DA:252,0
DA:255,6
DA:257,3
DA:258,6
DA:260,3
DA:261,3
DA:262,6
DA:263,0
DA:264,0
DA:268,6
DA:270,3
DA:271,0
DA:272,6
DA:274,0
DA:275,0
DA:278,6
DA:283,3
DA:285,3
DA:286,3
DA:287,4
DA:289,6
DA:290,3
DA:291,6
DA:292,3
DA:293,0
DA:295,3
DA:296,0
DA:298,3
DA:299,0
DA:306,3
DA:308,6
DA:309,6
DA:310,3
DA:313,3
DA:314,3
DA:315,4
DA:316,1
DA:317,4
DA:318,1
DA:322,2
DA:323,2
DA:324,4
DA:327,2
DA:328,2
DA:329,4
DA:332,2
DA:333,2
DA:334,4
DA:337,1
DA:338,1
DA:339,2
DA:342,1
DA:343,1
DA:344,2
DA:347,1
DA:348,1
DA:349,1
DA:350,1
DA:351,1
DA:352,2
DA:353,1
DA:354,1
DA:355,3
DA:357,1
DA:358,3
DA:364,1
DA:365,3
DA:366,2
DA:368,2
DA:369,2
DA:372,2
DA:375,2
DA:377,2
DA:378,4
DA:379,4
DA:380,4
DA:384,3
DA:386,3
DA:388,3
DA:389,6
DA:391,6
DA:392,6
DA:397,3
DA:399,3
DA:401,6
DA:402,6
DA:405,3
DA:406,3
DA:407,1
DA:409,3
DA:414,5
DA:415,506
DA:417,3
DA:418,3
DA:420,3
DA:421,18
DA:422,18
DA:426,3
DA:427,6
DA:428,3
DA:430,3
DA:431,3
DA:432,9
DA:433,12
DA:436,3
DA:437,12
DA:438,9
DA:441,15
DA:443,9
DA:445,3
DA:447,3
DA:451,0
DA:453,0
DA:454,0
DA:455,0
LF:189
LH:160
end_of_record
SF:lib/src/cupertino/tab_scaffold.dart
DA:95,4
DA:99,0
DA:100,0
DA:101,4
DA:140,4
DA:141,4
DA:147,4
DA:149,4
DA:150,16
DA:153,2
DA:155,2
DA:156,12
DA:157,4
DA:161,4
DA:163,4
DA:165,4
DA:166,4
DA:167,16
DA:168,8
DA:171,8
DA:172,4
DA:176,16
DA:177,12
DA:182,12
DA:183,2
DA:184,2
DA:188,3
DA:189,3
DA:190,6
DA:200,4
DA:202,8
DA:203,8
DA:208,12
DA:209,4
DA:210,3
DA:211,6
DA:212,3
DA:215,9
DA:216,3
DA:222,4
DA:231,4
DA:235,0
DA:236,4
DA:237,0
DA:243,4
DA:244,4
DA:251,4
DA:253,4
DA:254,16
DA:255,8
DA:256,8
DA:257,8
DA:261,4
DA:263,4
DA:264,4
DA:267,4
DA:269,4
DA:270,4
DA:273,4
DA:274,28
DA:277,4
DA:279,8
DA:280,4
DA:282,4
DA:285,4
DA:287,4
DA:289,16
DA:290,12
DA:292,8
DA:293,16
DA:296,4
DA:298,4
DA:300,4
DA:301,8
DA:302,12
LF:75
LH:71
end_of_record
SF:lib/src/cupertino/tab_view.dart
DA:43,3
DA:51,0
DA:52,3
DA:105,3
DA:107,3
DA:115,3
DA:117,3
DA:118,6
DA:119,3
DA:122,2
DA:124,2
DA:125,2
DA:128,3
DA:129,6
DA:130,6
DA:131,6
DA:134,3
DA:136,3
DA:137,3
DA:138,3
DA:139,3
DA:143,3
DA:144,3
DA:147,9
DA:148,6
DA:149,6
DA:151,2
DA:152,3
DA:154,3
DA:160,2
DA:161,2
DA:165,1
DA:166,1
DA:167,2
DA:168,0
DA:169,0
DA:181,1
DA:182,2
DA:183,1
DA:185,1
DA:187,1
DA:193,1
LF:42
LH:39
end_of_record
SF:lib/src/widgets/automatic_keep_alive.dart
DA:28,86
DA:31,86
DA:38,86
DA:39,86
DA:47,86
DA:49,86
DA:50,86
DA:53,32
DA:55,32
DA:56,32
DA:59,86
DA:60,172
DA:61,86
DA:62,172
DA:66,86
DA:68,86
DA:69,38
DA:70,0
DA:72,86
DA:75,19
DA:76,19
DA:77,38
DA:78,38
DA:79,57
DA:80,57
DA:81,19
DA:82,19
DA:83,19
DA:86,17
DA:91,9
DA:92,3
DA:95,3
DA:96,0
DA:97,3
DA:108,19
DA:109,19
DA:110,19
DA:131,38
DA:134,19
DA:138,19
DA:139,57
DA:142,19
DA:143,19
DA:144,19
DA:145,19
DA:146,0
DA:154,19
DA:155,38
DA:156,38
DA:157,95
DA:160,30
DA:211,16
DA:212,32
DA:213,20
DA:218,4
DA:219,2
DA:228,86
DA:230,86
DA:231,86
DA:232,86
DA:233,86
DA:238,0
DA:240,0
DA:241,0
DA:242,0
DA:244,0
DA:245,0
DA:246,0
DA:294,63
DA:321,63
DA:322,63
DA:347,75
DA:348,75
DA:349,150
DA:350,300
DA:353,75
DA:354,150
DA:355,75
DA:367,73
DA:369,73
DA:370,72
DA:371,72
DA:373,58
DA:374,57
DA:378,99
DA:380,99
DA:381,99
DA:382,3
DA:385,99
DA:387,99
DA:388,54
DA:389,99
DA:392,97
DA:395,155
DA:396,2
LF:95
LH:85
end_of_record
SF:lib/src/cupertino/text_field.dart
DA:53,497
DA:148,1
DA:181,0
DA:182,0
DA:183,0
DA:184,0
DA:185,0
DA:186,0
DA:187,1
DA:188,0
DA:189,0
DA:190,0
DA:191,0
DA:192,1
DA:193,1
DA:388,1
DA:389,1
DA:391,0
DA:393,0
DA:395,0
DA:396,0
DA:397,0
DA:398,0
DA:399,0
DA:400,0
DA:401,0
DA:402,0
DA:403,0
DA:404,0
DA:405,0
DA:406,0
DA:407,0
DA:408,0
DA:409,0
DA:410,0
DA:418,4
DA:421,5
DA:430,1
DA:432,1
DA:433,2
DA:434,2
DA:435,3
DA:439,1
DA:441,1
DA:442,3
DA:443,0
DA:444,0
DA:445,3
DA:446,0
DA:448,2
DA:449,1
DA:451,0
DA:455,1
DA:457,2
DA:458,3
DA:459,2
DA:460,1
DA:463,1
DA:464,3
DA:467,4
DA:471,1
DA:472,2
DA:477,3
DA:480,2
DA:481,2
DA:482,1
DA:483,1
DA:487,1
DA:488,1
DA:489,2
DA:490,2
DA:491,3
DA:492,1
DA:494,1
DA:497,1
DA:498,1
DA:499,2
DA:501,1
DA:504,1
DA:505,1
DA:506,1
DA:509,1
DA:510,0
DA:511,1
DA:515,2
DA:516,2
DA:519,1
DA:520,4
DA:522,1
DA:527,1
DA:529,1
DA:531,1
DA:533,1
DA:536,0
DA:540,1
DA:541,3
DA:542,2
DA:543,2
DA:547,1
DA:548,3
DA:549,2
DA:550,2
DA:554,1
DA:555,1
DA:556,2
DA:557,2
DA:561,1
DA:564,2
DA:565,3
DA:566,2
DA:567,2
DA:572,1
DA:573,1
DA:575,1
DA:576,1
DA:580,1
DA:581,3
DA:584,1
DA:588,4
DA:589,1
DA:590,1
DA:591,2
DA:592,1
DA:593,2
DA:596,3
DA:607,4
DA:610,1
DA:611,3
DA:613,1
DA:614,1
DA:615,1
DA:616,2
DA:617,3
DA:631,1
DA:636,1
DA:638,1
DA:639,1
DA:640,2
DA:641,1
DA:642,1
DA:643,3
DA:644,2
DA:645,2
DA:646,0
DA:649,1
DA:650,2
DA:651,1
DA:652,1
DA:653,1
DA:656,2
DA:657,2
DA:658,2
DA:659,2
DA:660,2
DA:661,2
DA:662,2
DA:663,2
DA:664,2
DA:666,1
DA:667,2
DA:668,2
DA:669,2
DA:672,2
DA:673,2
DA:674,2
DA:675,2
DA:681,1
DA:682,0
DA:683,0
DA:684,0
DA:686,0
DA:688,1
DA:690,1
DA:691,2
DA:693,1
DA:695,1
DA:697,1
DA:698,1
DA:699,1
DA:701,1
LF:180
LH:141
end_of_record
SF:lib/src/cupertino/text_selection.dart
DA:43,1
DA:45,1
DA:46,1
DA:47,1
DA:48,1
DA:49,3
DA:50,2
DA:51,4
DA:52,1
DA:53,1
DA:56,1
DA:62,1
DA:68,1
DA:75,1
DA:77,1
DA:79,4
DA:80,1
DA:82,1
DA:83,4
DA:85,1
DA:86,1
DA:87,1
DA:88,4
DA:91,1
DA:92,1
DA:93,1
DA:94,4
DA:97,1
DA:98,1
DA:99,1
DA:100,4
DA:103,1
DA:105,1
DA:106,1
DA:110,1
DA:112,1
DA:113,1
DA:115,1
DA:119,1
DA:132,1
DA:133,1
DA:134,1
DA:148,1
DA:161,1
DA:163,1
DA:166,1
DA:168,4
DA:170,4
DA:171,3
DA:173,1
DA:175,6
DA:176,0
DA:178,1
DA:180,6
DA:181,0
DA:183,1
DA:186,1
DA:188,3
DA:189,3
DA:190,3
DA:200,1
DA:204,1
DA:206,1
DA:207,1
DA:208,1
DA:210,3
DA:212,1
DA:213,1
DA:214,2
DA:216,4
DA:222,0
DA:223,0
DA:231,1
DA:233,1
DA:234,1
DA:235,2
DA:236,1
DA:237,1
DA:238,2
DA:242,1
DA:243,3
DA:244,1
DA:245,3
DA:246,3
DA:253,1
DA:257,1
DA:258,1
DA:259,2
DA:262,1
DA:264,1
DA:265,1
DA:271,2
DA:280,1
DA:281,1
DA:282,1
DA:283,3
DA:286,1
DA:287,1
DA:288,1
DA:289,1
DA:290,2
DA:295,1
DA:296,1
DA:298,0
LF:104
LH:99
end_of_record
SF:lib/src/cupertino/thumb_painter.dart
DA:14,4
DA:17,4
DA:20,4
DA:41,4
DA:42,4
DA:44,12
DA:47,8
DA:48,12
DA:49,16
LF:9
LH:9
end_of_record
SF:lib/src/foundation/annotations.dart
DA:42,0
DA:77,0
DA:114,0
LF:3
LH:0
end_of_record
SF:lib/src/foundation/assertions.dart
DA:28,40
DA:111,2
DA:113,4
DA:118,2
DA:119,2
DA:120,2
DA:121,3
DA:122,1
DA:123,4
DA:124,1
DA:125,3
DA:126,4
DA:131,4
DA:132,2
DA:133,6
DA:134,2
DA:136,3
DA:138,2
DA:139,2
DA:144,1
DA:146,1
DA:147,3
DA:148,3
DA:149,3
DA:150,3
DA:151,1
DA:153,0
DA:155,3
DA:156,3
DA:157,1
DA:159,0
DA:161,2
DA:162,1
DA:163,1
DA:164,1
DA:165,0
DA:166,0
DA:167,0
DA:169,0
DA:171,0
DA:173,2
DA:188,80
DA:205,21
DA:206,21
DA:208,21
DA:209,21
DA:231,6
DA:253,2
DA:254,0
DA:255,2
DA:256,4
DA:257,2
DA:261,2
DA:264,2
DA:265,6
DA:266,2
DA:267,14
DA:268,8
DA:269,4
DA:270,0
DA:271,4
DA:272,0
DA:275,4
DA:277,4
DA:279,2
DA:280,3
DA:282,0
DA:287,6
DA:288,2
DA:289,2
DA:290,2
DA:291,6
DA:293,10
DA:294,6
DA:297,2
DA:298,2
DA:300,1
DA:301,1
DA:302,2
DA:303,0
DA:305,0
DA:306,0
DA:307,0
DA:313,2
DA:316,2
DA:317,2
DA:320,2
DA:321,4
DA:322,2
DA:323,0
DA:325,2
DA:327,2
DA:328,4
DA:330,2
DA:331,2
DA:332,2
DA:333,10
DA:335,4
DA:337,7
DA:339,2
DA:353,17
DA:364,17
DA:365,17
DA:366,17
DA:367,17
DA:368,17
DA:369,17
DA:371,34
DA:372,34
DA:373,34
DA:374,34
DA:375,48
DA:377,51
DA:381,34
DA:382,36
DA:386,17
DA:388,34
DA:389,0
DA:390,34
DA:391,51
DA:392,34
DA:393,80
DA:394,34
DA:395,48
DA:397,20
DA:404,38
DA:405,0
DA:406,38
DA:407,38
DA:408,76
DA:421,1
DA:423,2
DA:424,4
DA:426,1
DA:427,4
LF:135
LH:117
end_of_record
SF:lib/src/foundation/basic_types.dart
DA:83,1
DA:84,1
DA:93,1
DA:94,1
DA:105,1
DA:106,3
DA:107,5
DA:114,1
DA:115,3
DA:117,5
DA:119,6
DA:126,1
DA:127,1
DA:190,258
DA:195,258
DA:197,258
DA:200,31
DA:202,93
DA:205,257
DA:207,771
DA:210,33
DA:212,99
DA:215,1
DA:217,3
DA:220,1
DA:222,3
DA:225,2
DA:227,6
DA:230,1
DA:232,3
DA:235,41
DA:237,41
DA:238,82
DA:241,20
DA:243,20
DA:244,40
DA:247,58
DA:248,58
DA:251,258
DA:252,516
DA:254,1032
DA:260,258
DA:265,258
DA:267,516
DA:268,1806
DA:270,1032
DA:273,258
DA:275,1290
DA:277,516
DA:278,1290
DA:279,516
DA:289,1
DA:295,1
DA:297,0
DA:299,0
LF:55
LH:53
end_of_record
SF:lib/src/foundation/binding.dart
DA:49,395
DA:50,395
DA:52,0
DA:53,395
DA:54,0
DA:56,0
DA:57,395
DA:58,0
DA:60,790
DA:62,395
DA:76,395
DA:79,0
DA:80,790
DA:101,395
DA:104,0
DA:106,395
DA:107,395
DA:109,395
DA:112,395
DA:116,395
DA:122,395
DA:123,395
DA:125,1
DA:126,1
DA:127,1
DA:128,1
DA:131,1
DA:134,1
DA:141,2
DA:143,1
DA:144,1
DA:145,1
DA:146,3
DA:151,395
DA:152,790
DA:161,157
DA:162,314
DA:174,7
DA:176,7
DA:178,0
DA:179,14
DA:180,7
DA:181,0
DA:182,13
DA:183,12
DA:184,6
DA:185,6
DA:186,6
DA:195,6
DA:198,6
DA:219,5
DA:220,10
DA:233,5
DA:236,5
DA:237,5
DA:247,395
DA:252,0
DA:253,0
DA:254,395
DA:256,1
DA:257,2
DA:258,1
DA:277,380
DA:283,0
DA:284,0
DA:285,0
DA:286,380
DA:288,1
DA:289,1
DA:290,4
DA:291,3
DA:309,382
DA:315,0
DA:316,0
DA:317,0
DA:318,382
DA:320,1
DA:321,1
DA:322,4
DA:323,4
DA:340,383
DA:346,0
DA:347,0
DA:348,0
DA:349,383
DA:351,1
DA:352,1
DA:353,3
DA:354,3
DA:404,394
DA:409,0
DA:410,0
DA:411,394
DA:412,394
DA:413,0
DA:414,0
DA:416,0
DA:418,0
DA:430,0
DA:431,0
DA:438,0
DA:444,0
DA:445,0
DA:446,0
DA:448,0
DA:452,0
DA:453,0
DA:455,0
DA:456,0
DA:457,0
DA:465,1
DA:466,2
DA:470,0
DA:471,0
LF:114
LH:75
end_of_record
SF:lib/src/foundation/change_notifier.dart
DA:59,243
DA:85,0
DA:105,239
DA:106,239
DA:107,239
DA:108,1
DA:109,1
DA:110,1
DA:114,239
DA:133,2
DA:135,2
DA:136,4
DA:142,200
DA:144,200
DA:145,400
DA:167,198
DA:169,198
DA:170,396
DA:179,196
DA:181,196
DA:182,196
DA:200,206
DA:202,206
DA:203,206
DA:204,412
DA:205,343
DA:207,276
DA:208,138
DA:210,2
DA:214,2
DA:215,0
DA:216,0
DA:217,0
DA:227,180
DA:228,180
DA:229,360
DA:234,1
DA:236,1
DA:237,2
DA:238,1
DA:241,1
DA:243,3
DA:252,135
DA:257,25
DA:258,25
DA:260,132
DA:261,264
DA:263,89
DA:264,89
DA:267,1
DA:268,3
LF:51
LH:47
end_of_record
SF:lib/src/foundation/collections.dart
DA:16,132
DA:19,276
DA:21,156
DA:22,75
DA:37,85
DA:40,9
DA:42,9
DA:43,9
LF:8
LH:8
end_of_record
SF:lib/src/foundation/consolidate_response.dart
DA:12,2
DA:16,2
DA:17,2
DA:19,3
DA:20,1
DA:21,2
DA:22,1
DA:23,1
DA:25,2
DA:26,3
DA:27,2
DA:29,1
DA:30,2
DA:32,2
LF:14
LH:14
end_of_record
SF:lib/src/foundation/debug.dart
DA:24,338
DA:25,338
DA:26,676
DA:28,0
DA:30,338
DA:52,1
DA:54,2
DA:56,2
DA:57,3
DA:58,1
DA:59,4
DA:62,0
LF:12
LH:10
end_of_record
SF:lib/src/foundation/isolates.dart
DA:47,0
DA:48,0
DA:49,0
DA:50,0
DA:51,0
DA:52,0
DA:53,0
DA:55,0
DA:58,0
DA:60,0
DA:63,0
DA:65,0
DA:66,0
DA:67,0
DA:68,0
DA:69,0
DA:75,0
DA:88,0
DA:91,0
DA:93,0
DA:94,0
DA:95,0
DA:96,0
DA:98,0
DA:100,0
DA:101,0
DA:102,0
DA:103,0
LF:28
LH:0
end_of_record
SF:lib/src/foundation/key.dart
DA:30,338
DA:42,676
DA:59,149
DA:64,108
DA:66,324
DA:69,309
DA:72,75
DA:73,225
DA:75,9
DA:77,27
DA:80,36
DA:81,9
DA:82,0
DA:86,9
LF:14
LH:13
end_of_record
SF:lib/src/foundation/licenses.dart
DA:15,2
DA:45,2
DA:56,497
DA:120,2
DA:141,2
DA:148,2
DA:150,2
DA:151,2
DA:152,6
DA:155,2
DA:156,2
DA:157,0
DA:158,4
DA:159,8
DA:160,4
DA:161,2
DA:165,6
DA:167,2
DA:168,2
DA:169,4
DA:170,2
DA:171,1
DA:172,1
DA:175,2
DA:176,0
DA:177,0
DA:180,2
DA:181,2
DA:182,1
DA:183,1
DA:188,1
DA:191,2
DA:198,1
DA:202,3
DA:203,1
DA:209,2
DA:212,2
DA:217,2
DA:218,4
DA:219,2
DA:220,1
DA:223,1
DA:226,2
DA:227,1
DA:228,1
DA:232,1
DA:240,2
DA:243,2
DA:244,1
DA:245,1
DA:248,2
DA:249,2
DA:250,2
DA:283,0
DA:294,45
DA:295,45
DA:296,45
DA:302,2
DA:305,2
DA:306,4
LF:60
LH:56
end_of_record
SF:lib/src/foundation/node.dart
DA:47,376
DA:54,374
DA:56,1122
DA:57,1122
DA:58,1122
DA:59,374
DA:67,361
DA:72,772
DA:80,774
DA:90,382
DA:92,0
DA:93,382
DA:94,382
DA:104,360
DA:106,360
DA:107,360
DA:108,1796
DA:112,770
DA:118,374
DA:121,0
DA:122,374
DA:123,374
DA:125,374
DA:126,347
DA:127,374
DA:129,374
DA:130,374
DA:131,374
DA:132,742
DA:133,374
DA:139,361
DA:142,0
DA:143,722
DA:144,1083
DA:145,361
DA:146,361
DA:147,360
LF:37
LH:34
end_of_record
SF:lib/src/foundation/observer_list.dart
DA:19,234
DA:20,234
DA:21,468
DA:29,212
DA:30,212
DA:31,424
DA:34,189
DA:36,567
DA:37,372
DA:39,91
DA:40,91
DA:41,273
DA:43,102
DA:44,153
DA:46,91
DA:49,182
DA:52,243
DA:53,486
DA:55,0
DA:56,0
DA:58,2
DA:59,4
LF:22
LH:20
end_of_record
SF:lib/src/foundation/platform.dart
DA:12,502
DA:51,354
DA:53,354
DA:55,354
DA:57,354
DA:60,354
DA:61,708
DA:64,354
DA:68,0
DA:70,0
LF:10
LH:8
end_of_record
SF:lib/src/foundation/print.dart
DA:33,1
DA:35,6
DA:37,1
DA:43,2
DA:45,12
DA:47,6
DA:50,2
DA:59,2
DA:61,6
DA:62,0
DA:63,0
DA:66,6
DA:67,4
DA:68,4
DA:69,2
DA:71,4
DA:74,1
DA:75,1
DA:77,4
DA:78,1
DA:86,2
DA:89,497
DA:106,14
DA:107,64
DA:111,22
DA:112,44
DA:116,11
DA:122,11
DA:123,44
DA:124,11
DA:128,11
DA:129,44
DA:130,11
DA:133,11
DA:134,44
DA:136,22
DA:142,22
DA:144,11
DA:147,22
DA:150,11
DA:153,16
DA:154,4
DA:159,11
DA:163,22
DA:164,0
LF:45
LH:42
end_of_record
SF:lib/src/foundation/profile.dart
DA:14,382
DA:17,382
LF:2
LH:2
end_of_record
SF:lib/src/foundation/serialization.dart
DA:17,18
DA:18,36
DA:19,36
DA:20,72
DA:28,18
DA:29,36
DA:33,1
DA:34,3
DA:35,3
DA:39,1
DA:40,3
DA:41,3
DA:45,17
DA:46,51
DA:47,51
DA:51,2
DA:52,6
DA:53,6
DA:57,4
DA:58,4
DA:59,12
DA:60,12
DA:64,17
DA:65,34
DA:69,2
DA:70,2
DA:71,14
DA:75,2
DA:76,2
DA:77,14
DA:81,2
DA:82,2
DA:83,14
DA:86,4
DA:87,12
DA:88,4
DA:89,12
DA:90,8
DA:95,18
DA:96,90
DA:97,18
DA:107,10
DA:108,0
DA:117,45
DA:120,10
DA:121,40
DA:125,0
DA:126,0
DA:127,0
DA:132,0
DA:133,0
DA:134,0
DA:139,10
DA:140,40
DA:141,20
DA:146,2
DA:147,8
DA:148,4
DA:153,4
DA:154,4
DA:155,16
DA:156,8
DA:161,9
DA:162,63
DA:163,18
DA:168,2
DA:169,2
DA:170,14
DA:171,6
DA:176,2
DA:177,2
DA:178,14
DA:179,6
DA:184,2
DA:185,2
DA:186,14
DA:187,6
DA:191,4
DA:192,8
DA:193,4
DA:194,12
LF:81
LH:74
end_of_record
SF:lib/src/foundation/synchronous_future.dart
DA:21,131
DA:25,1
DA:27,1
DA:28,2
DA:29,1
DA:30,1
DA:33,11
DA:34,22
DA:36,131
DA:38,262
DA:39,131
DA:41,131
DA:44,1
DA:46,3
DA:49,1
DA:52,1
DA:53,1
DA:54,3
DA:57,1
LF:19
LH:19
end_of_record
SF:lib/src/foundation/unicode.dart
DA:14,0
LF:1
LH:0
end_of_record
SF:lib/src/gestures/arena.dart
DA:12,497
DA:41,155
DA:51,152
DA:52,608
DA:68,155
DA:69,155
DA:70,310
DA:73,0
DA:75,0
DA:76,0
DA:77,0
DA:79,0
DA:80,0
DA:81,0
DA:82,0
DA:83,0
DA:85,0
DA:86,0
DA:87,0
DA:88,0
[...]
DA:128,8
DA:130,10
DA:134,20
DA:137,24
DA:138,8
DA:139,8
DA:141,8
DA:142,8
DA:145,8
DA:146,24
DA:149,32
DA:150,8
DA:151,16
DA:154,24
DA:155,593
DA:156,32
DA:157,16
DA:159,32
DA:161,64
DA:164,16
DA:165,32
DA:166,40
DA:167,8
DA:168,8
DA:173,16
DA:174,16
DA:175,16
DA:177,16
DA:182,32
DA:186,17
DA:188,51
DA:189,51
DA:190,51
LF:64
LH:60
end_of_record
SF:lib/src/widgets/nested_scroll_view.dart
DA:183,1
DA:191,0
DA:192,0
DA:193,0
DA:194,0
DA:195,1
DA:263,1
DA:264,1
DA:265,0
DA:266,2
DA:269,1
DA:270,1
DA:271,2
DA:272,2
DA:273,1
DA:275,1
DA:281,1
DA:282,1
DA:290,1
DA:292,1
DA:293,5
DA:296,1
DA:298,1
DA:299,4
DA:302,0
DA:304,0
DA:305,0
DA:306,0
DA:309,1
DA:311,2
DA:312,1
DA:313,1
DA:318,1
DA:319,1
DA:321,2
DA:322,2
DA:323,2
DA:333,1
DA:335,1
DA:337,1
DA:338,1
DA:339,3
DA:340,1
DA:341,2
DA:342,2
DA:343,2
DA:344,3
DA:346,2
DA:347,2
DA:349,2
DA:350,1
DA:352,1
DA:361,1
DA:368,1
DA:378,1
DA:385,1
DA:386,1
DA:390,1
DA:396,1
DA:400,0
DA:401,0
DA:402,1
DA:406,1
DA:407,3
DA:411,1
DA:420,1
DA:428,0
DA:439,0
DA:440,0
DA:441,0
DA:442,0
DA:443,0
DA:444,0
DA:445,0
DA:446,0
DA:447,0
DA:461,1
DA:462,2
DA:463,2
DA:464,2
DA:474,1
DA:475,2
DA:477,3
DA:480,1
DA:481,2
DA:484,1
DA:485,1
DA:488,3
DA:491,1
DA:492,2
DA:493,3
DA:499,1
DA:500,1
DA:501,1
DA:504,2
DA:507,1
DA:508,0
DA:509,2
DA:511,1
DA:512,2
DA:513,1
DA:514,1
DA:519,1
DA:520,2
DA:521,1
DA:522,2
DA:523,1
DA:524,1
DA:525,1
DA:527,2
DA:528,1
DA:530,1
DA:533,1
DA:534,2
DA:536,1
DA:537,1
DA:540,1
DA:542,3
DA:545,1
DA:547,1
DA:548,1
DA:549,2
DA:553,1
DA:566,1
DA:567,1
DA:569,0
DA:570,0
DA:573,0
DA:574,0
DA:584,2
DA:585,4
DA:590,1
DA:592,2
DA:593,3
DA:599,1
DA:601,1
DA:602,2
DA:603,2
DA:610,1
DA:611,0
DA:613,3
DA:614,7
DA:615,2
DA:616,2
DA:617,1
DA:621,3
DA:622,3
DA:623,6
DA:625,0
DA:626,0
DA:628,1
DA:631,0
DA:632,0
DA:634,0
DA:635,0
DA:636,0
DA:637,4
DA:640,5
DA:641,1
DA:642,1
DA:644,1
DA:645,3
DA:651,0
DA:653,0
DA:655,0
DA:657,0
DA:659,0
DA:660,0
DA:661,0
DA:662,0
DA:666,1
DA:667,2
DA:668,7
DA:670,2
DA:671,2
DA:678,1
DA:679,2
DA:680,5
DA:681,0
DA:682,0
DA:683,0
DA:686,1
DA:687,2
DA:688,5
DA:689,3
DA:690,5
DA:691,3
DA:692,5
DA:693,1
DA:696,1
DA:697,2
DA:700,2
DA:701,1
DA:703,500
DA:705,2
DA:708,1
DA:712,2
DA:713,2
DA:717,2
DA:718,1
DA:720,1
DA:721,1
DA:722,1
DA:726,2
DA:730,2
DA:733,1
DA:734,1
DA:735,4
DA:736,1
DA:737,2
DA:738,1
DA:741,0
DA:743,0
DA:747,1
DA:748,1
DA:749,2
DA:750,2
DA:755,1
DA:757,1
DA:760,1
DA:761,1
DA:766,1
DA:767,2
DA:768,2
DA:770,1
DA:771,1
DA:775,1
DA:777,2
DA:778,1
DA:779,2
DA:780,2
DA:781,1
DA:789,2
DA:790,1
DA:791,1
DA:792,1
DA:798,1
DA:799,2
DA:800,2
DA:801,1
DA:802,497
DA:803,1
DA:805,1
DA:806,3
DA:808,3
DA:809,2
DA:810,1
DA:811,2
DA:816,1
DA:817,1
DA:818,1
DA:821,1
DA:822,6
DA:825,1
DA:827,2
DA:828,1
DA:829,2
DA:830,2
DA:833,0
DA:834,0
DA:838,1
DA:841,1
DA:845,1
DA:851,1
DA:852,1
DA:855,1
DA:857,1
DA:861,1
DA:863,1
DA:864,1
DA:865,2
DA:866,2
DA:867,2
DA:868,1
DA:871,1
DA:873,1
DA:874,2
DA:875,1
DA:876,1
DA:879,1
DA:885,2
DA:886,1
DA:887,2
DA:892,1
DA:894,2
DA:903,1
DA:910,1
DA:916,1
DA:917,1
DA:918,1
DA:919,1
DA:920,1
DA:921,1
DA:926,3
DA:930,1
DA:931,2
DA:932,1
DA:933,2
DA:936,1
DA:937,2
DA:939,0
DA:941,0
DA:942,0
DA:945,1
DA:947,2
DA:948,1
DA:955,1
DA:956,1
DA:974,501
DA:976,500
DA:977,1
DA:978,3
DA:979,2
DA:980,1
DA:982,2
DA:983,1
DA:984,1
DA:985,1
DA:986,1
DA:987,1
DA:989,1
DA:993,1
DA:994,1
DA:995,1
DA:997,4
DA:998,1
DA:1001,2
DA:1002,1
DA:1003,1
DA:1004,1
DA:1005,2
DA:1007,1
DA:1008,1
DA:1014,1
DA:1015,2
DA:1017,1
DA:1018,1
DA:1020,1
DA:1024,1
DA:1028,0
DA:1030,0
DA:1035,1
DA:1037,2
DA:1041,1
DA:1044,2
DA:1045,2
DA:1046,2
DA:1052,1
DA:1057,1
DA:1058,0
DA:1060,1
DA:1061,0
DA:1062,3
DA:1063,1
DA:1064,4
DA:1065,1
DA:1066,4
DA:1067,1
DA:1068,3
DA:1073,1
DA:1078,4
DA:1081,1
DA:1083,4
DA:1086,0
DA:1088,0
DA:1091,1
DA:1092,2
DA:1093,1
DA:1094,1
DA:1095,1
DA:1096,3
DA:1097,1
DA:1101,1
DA:1103,1
DA:1104,2
DA:1107,1
DA:1108,9
DA:1111,1
DA:1113,2
DA:1116,1
DA:1118,2
DA:1121,1
DA:1123,2
DA:1124,1
DA:1128,497
DA:1131,1
DA:1136,1
DA:1140,1
DA:1141,1
DA:1143,0
DA:1145,0
DA:1148,1
DA:1150,6
DA:1153,1
DA:1155,4
DA:1160,1
DA:1166,3
DA:1167,3
DA:1168,1
DA:1173,1
DA:1174,1
DA:1176,0
DA:1178,0
DA:1181,0
DA:1183,0
DA:1186,1
DA:1189,2
DA:1190,3
DA:1192,3
DA:1193,2
DA:1196,0
DA:1197,0
DA:1199,0
DA:1200,0
DA:1204,0
DA:1207,4
DA:1208,0
DA:1212,0
DA:1214,0
DA:1259,2
DA:1274,0
DA:1277,1
DA:1278,2
DA:1279,1
DA:1280,1
DA:1283,2
DA:1285,0
DA:1288,0
DA:1289,0
DA:1292,0
DA:1296,0
DA:1299,0
DA:1322,1
DA:1326,0
DA:1327,1
DA:1335,1
DA:1337,1
DA:1338,1
DA:1342,1
DA:1345,2
DA:1348,0
DA:1350,0
DA:1351,0
DA:1369,1
DA:1372,0
DA:1373,1
DA:1380,2
DA:1382,1
DA:1383,0
DA:1384,2
DA:1386,0
DA:1387,0
DA:1388,0
DA:1389,0
DA:1391,0
DA:1394,1
DA:1396,1
DA:1397,3
DA:1400,1
DA:1402,3
DA:1403,1
DA:1406,1
DA:1408,3
DA:1409,1
DA:1410,0
DA:1413,3
DA:1414,2
DA:1415,2
DA:1416,3
DA:1417,1
DA:1418,1
DA:1419,3
DA:1420,1
DA:1421,1
DA:1422,1
DA:1423,1
DA:1424,1
DA:1425,1
DA:1427,4
DA:1430,1
DA:1435,0
DA:1437,0
DA:1438,0
DA:1442,1
DA:1444,1
DA:1445,2
DA:1448,0
DA:1450,0
DA:1451,0
DA:1471,1
DA:1475,0
DA:1476,1
DA:1484,1
DA:1486,1
DA:1487,1
DA:1491,0
DA:1494,0
DA:1497,0
DA:1499,0
DA:1500,0
DA:1515,1
DA:1517,0
DA:1527,2
DA:1529,0
DA:1530,0
DA:1531,0
DA:1533,0
DA:1534,0
DA:1536,0
DA:1537,0
DA:1538,0
DA:1539,0
DA:1540,0
DA:1541,0
DA:1545,1
DA:1547,1
DA:1548,3
DA:1549,4
DA:1550,0
DA:1551,1
DA:1554,1
DA:1556,3
DA:1557,1
DA:1560,1
DA:1562,3
DA:1563,3
DA:1564,503
DA:1565,2
DA:1566,1
DA:1567,497
DA:1568,1
DA:1572,1
DA:1574,1
DA:1576,0
DA:1577,0
DA:1578,0
DA:1579,0
DA:1581,0
DA:1582,0
DA:1583,0
DA:1584,0
DA:1585,0
DA:1586,0
DA:1588,0
DA:1589,0
DA:1590,0
DA:1591,0
DA:1592,0
DA:1595,0
DA:1596,0
DA:1600,1
DA:1603,0
DA:1605,0
DA:1606,0
DA:1618,1
DA:1627,0
DA:1628,1
DA:1641,1
DA:1643,1
DA:1644,1
DA:1645,3
DA:1646,1
DA:1647,1
DA:1648,1
DA:1652,1
DA:1655,2
DA:1656,4
DA:1657,2
DA:1658,2
DA:1659,2
DA:1662,0
DA:1664,0
DA:1665,0
DA:1677,1
DA:1685,0
DA:1687,1
DA:1697,2
DA:1700,1
DA:1701,0
DA:1702,2
DA:1704,0
DA:1705,0
DA:1708,1
DA:1710,2
DA:1711,1
DA:1714,0
DA:1716,0
DA:1717,0
LF:588
LH:441
end_of_record
SF:lib/src/widgets/primary_scroll_controller.dart
DA:21,39
DA:25,0
DA:26,39
DA:29,14
DA:33,14
DA:48,94
DA:49,94
DA:50,15
DA:53,24
DA:54,72
DA:56,0
DA:58,0
DA:59,0
LF:13
LH:9
end_of_record
SF:lib/src/widgets/scroll_activity.dart
DA:64,129
DA:67,258
DA:74,16
DA:75,32
DA:76,16
DA:87,1
DA:90,51
DA:91,102
DA:95,58
DA:96,116
DA:100,1
DA:101,2
DA:105,57
DA:106,114
DA:110,8
DA:128,129
DA:130,129
DA:133,35
DA:134,35
DA:145,258
DA:147,129
DA:149,258
DA:152,129
DA:155,129
DA:158,68
DA:185,68
DA:188,68
DA:193,68
DA:196,68
DA:199,0
DA:202,26
DA:204,52
DA:207,68
DA:209,68
DA:210,68
DA:211,68
DA:226,60
DA:232,0
DA:233,0
DA:235,12
DA:240,60
DA:241,60
DA:245,120
DA:280,240
DA:286,1
DA:287,2
DA:288,1
DA:293,59
DA:294,59
DA:295,2
DA:297,6
DA:299,0
DA:309,59
DA:316,58
DA:317,19
DA:318,8
DA:319,3
DA:321,1
DA:326,58
DA:331,24
DA:332,48
DA:334,12
DA:335,24
DA:341,497
DA:344,12
DA:345,6
DA:346,12
DA:355,59
DA:357,59
DA:358,59
DA:359,59
DA:360,59
DA:361,118
DA:366,118
DA:367,118
DA:368,59
DA:371,59
DA:372,5
DA:373,118
DA:376,57
DA:378,57
DA:382,114
DA:383,57
DA:384,6
DA:385,57
DA:388,65
DA:389,2
DA:390,114
DA:393,0
DA:395,0
DA:399,60
DA:401,60
DA:402,60
DA:403,60
DA:408,120
DA:411,23
DA:412,23
DA:425,60
DA:428,60
DA:432,60
DA:434,120
DA:435,60
DA:436,120
DA:439,58
DA:441,116
DA:442,58
DA:443,116
DA:446,26
DA:448,52
DA:449,26
DA:450,52
DA:453,52
DA:456,104
DA:457,52
DA:460,52
DA:461,52
DA:464,60
DA:467,60
DA:472,0
DA:475,60
DA:477,60
DA:478,60
DA:481,23
DA:483,69
DA:504,37
DA:508,37
DA:509,74
DA:510,74
DA:513,74
DA:514,37
DA:515,74
DA:518,14
DA:519,28
DA:523,0
DA:525,0
DA:528,5
DA:530,15
DA:533,36
DA:534,108
DA:535,8
DA:545,36
DA:547,108
DA:550,25
DA:551,50
DA:554,4
DA:556,12
DA:559,37
DA:562,37
DA:565,37
DA:567,74
DA:568,37
DA:571,5
DA:573,15
DA:591,25
DA:598,0
DA:599,0
DA:600,0
DA:601,25
DA:602,0
DA:603,25
DA:604,50
DA:605,50
DA:607,50
DA:610,50
DA:611,25
DA:612,50
DA:623,75
DA:625,23
DA:626,46
DA:628,25
DA:629,125
DA:630,10
DA:633,21
DA:634,63
DA:637,5
DA:639,15
DA:642,25
DA:645,25
DA:648,25
DA:650,50
DA:651,50
DA:652,25
DA:655,4
DA:657,12
LF:184
LH:171
end_of_record
SF:lib/src/widgets/viewport.dart
DA:52,95
DA:61,0
DA:62,0
DA:63,30
DA:64,95
DA:120,99
DA:121,0
DA:123,99
DA:124,16
DA:125,99
DA:127,96
DA:128,188
DA:129,7
DA:135,95
DA:137,95
DA:138,95
DA:139,283
DA:140,95
DA:141,95
DA:142,95
DA:146,39
DA:149,78
DA:150,156
DA:151,78
DA:152,78
DA:153,78
DA:156,95
DA:157,95
DA:159,0
DA:161,0
DA:162,0
DA:163,0
DA:164,0
DA:165,0
DA:166,0
DA:167,0
DA:168,0
DA:169,0
DA:176,190
DA:178,95
DA:179,95
DA:181,95
DA:182,95
DA:184,95
DA:186,95
DA:187,94
DA:190,40
DA:192,40
DA:193,40
DA:196,94
DA:198,188
DA:199,20
DA:200,30
DA:201,5
DA:202,188
DA:203,470
DA:205,2
DA:209,85
DA:211,255
DA:212,85
DA:213,170
DA:214,85
DA:251,11
DA:257,0
DA:258,11
DA:288,11
DA:290,11
DA:291,11
DA:292,33
DA:293,11
DA:297,3
DA:300,6
DA:301,12
DA:302,6
DA:305,0
DA:307,0
DA:308,0
DA:309,0
DA:310,0
LF:79
LH:60
end_of_record
SF:lib/src/widgets/orientation_builder.dart
DA:29,2
DA:32,0
DA:33,2
DA:43,2
DA:47,6
DA:48,2
DA:51,2
DA:53,4
LF:8
LH:7
end_of_record
SF:lib/src/widgets/overscroll_indicator.dart
DA:44,119
DA:52,0
DA:53,0
DA:54,0
DA:55,0
DA:56,0
DA:57,119
DA:87,357
DA:109,119
DA:110,119
DA:112,0
DA:114,0
DA:115,0
DA:117,0
DA:119,0
DA:121,0
DA:126,0
DA:127,0
DA:136,119
DA:138,119
DA:139,714
DA:140,714
DA:141,595
DA:144,53
DA:146,53
DA:147,420
DA:148,4
DA:149,4
DA:150,4
DA:151,4
DA:158,80
DA:159,160
DA:161,80
DA:163,64
DA:164,19
DA:165,46
DA:166,23
DA:168,0
DA:170,64
DA:171,64
DA:172,32
DA:173,64
DA:174,96
DA:176,0
DA:177,160
DA:178,64
DA:179,64
DA:180,9
DA:181,27
DA:183,52
DA:184,26
DA:185,52
DA:186,52
DA:187,0
DA:188,26
DA:189,26
DA:190,78
DA:191,52
DA:192,26
DA:193,32
DA:195,23
DA:196,184
DA:202,160
DA:203,80
DA:204,116
DA:205,116
DA:208,160
DA:212,119
DA:214,238
DA:215,238
DA:216,119
DA:219,119
DA:221,119
DA:222,119
DA:223,119
DA:224,119
DA:225,119
DA:226,357
DA:227,357
DA:228,238
DA:229,119
DA:231,119
DA:232,238
DA:244,497
DA:247,119
DA:251,0
DA:252,0
DA:253,0
DA:256,238
DA:257,238
DA:258,119
DA:259,119
DA:261,238
DA:262,357
DA:263,357
DA:264,357
DA:287,30
DA:289,1
DA:290,1
DA:291,2
DA:293,1
DA:294,1
DA:297,2
DA:299,1
DA:300,1
DA:301,2
DA:303,0
DA:304,0
DA:323,119
DA:325,238
DA:326,238
DA:327,122
DA:328,119
DA:334,9
DA:335,9
DA:336,9
DA:337,9
DA:338,9
DA:339,36
DA:340,54
DA:341,36
DA:342,542
DA:343,54
DA:344,18
DA:345,9
DA:346,9
DA:360,26
DA:361,33
DA:362,78
DA:363,104
DA:364,679
DA:365,523
DA:366,104
DA:367,757
DA:368,52
DA:369,78
DA:370,26
DA:371,13
DA:372,26
DA:375,32
DA:376,16
DA:378,52
DA:379,52
DA:380,52
DA:381,26
DA:383,14
DA:384,15
DA:385,5
DA:388,58
DA:391,58
DA:392,116
DA:393,22
DA:396,32
DA:397,32
DA:399,20
DA:400,20
DA:401,8
DA:403,20
DA:404,19
DA:405,19
DA:407,5
DA:408,0
DA:413,31
DA:414,124
DA:416,56
DA:417,31
DA:418,124
DA:419,62
DA:420,124
DA:421,62
DA:422,62
DA:423,62
DA:424,31
DA:427,13
DA:428,13
DA:429,50
DA:430,120
DA:431,10
DA:433,52
DA:434,16
DA:435,8
DA:437,12
DA:441,118
DA:442,354
DA:444,84
DA:445,45
DA:446,542
DA:447,45
DA:448,30
DA:449,105
DA:450,90
DA:451,15
DA:452,15
DA:453,15
DA:454,15
DA:455,15
DA:460,119
DA:465,119
DA:484,118
DA:487,118
DA:488,118
DA:489,104
DA:491,118
DA:492,104
DA:493,208
DA:494,104
DA:495,104
DA:496,104
DA:498,38
DA:499,38
DA:500,38
DA:501,38
DA:502,152
DA:503,38
DA:505,38
DA:506,38
DA:507,76
DA:508,38
DA:509,152
DA:510,38
DA:515,118
DA:517,354
DA:518,354
DA:521,53
DA:523,159
DA:524,159
DA:542,32
DA:553,1
DA:554,1
DA:557,0
DA:559,0
DA:560,0
LF:232
LH:207
end_of_record
SF:lib/src/widgets/page_storage.dart
DA:36,12
DA:40,32
DA:41,0
DA:45,96
DA:47,5
DA:49,15
DA:52,20
DA:53,25
DA:59,6
DA:60,12
DA:62,0
DA:64,0
DA:73,32
DA:74,32
DA:75,32
DA:76,32
DA:77,6
DA:78,32
DA:81,32
DA:82,32
DA:83,32
DA:84,64
DA:85,32
DA:91,32
DA:92,64
DA:105,32
DA:106,64
DA:108,2
DA:110,32
DA:111,32
DA:112,12
DA:124,59
DA:125,59
DA:128,2
DA:129,7
DA:130,17
DA:139,110
DA:143,0
DA:144,110
DA:163,130
DA:164,130
DA:165,59
DA:168,110
DA:169,110
LF:44
LH:40
end_of_record
SF:lib/src/widgets/placeholder.dart
DA:11,41
DA:19,40
DA:21,40
DA:22,80
DA:23,40
DA:24,80
DA:25,40
DA:26,40
DA:27,40
DA:28,160
DA:29,160
DA:30,40
DA:33,2
DA:35,6
DA:36,6
DA:39,6
DA:54,42
DA:60,42
DA:84,41
DA:86,41
DA:87,41
DA:88,41
DA:89,41
DA:91,41
DA:92,41
DA:93,41
LF:26
LH:26
end_of_record
SF:lib/src/widgets/platform_view.dart
DA:63,1
DA:72,0
DA:73,0
DA:74,0
DA:75,1
DA:177,1
DA:178,1
DA:201,1
DA:211,0
DA:212,0
DA:213,0
DA:214,1
DA:284,1
DA:285,1
DA:297,1
DA:299,1
DA:300,1
DA:301,2
DA:302,3
DA:306,1
DA:307,1
DA:310,1
DA:311,1
DA:314,1
DA:316,1
DA:317,1
DA:318,2
DA:319,1
DA:321,1
DA:325,3
DA:329,1
DA:331,1
DA:333,1
DA:334,2
DA:335,1
DA:337,4
DA:338,2
DA:339,1
DA:344,3
DA:348,1
DA:349,4
DA:350,4
DA:353,1
DA:355,2
DA:356,1
DA:359,1
DA:360,3
DA:361,2
DA:362,1
DA:363,2
DA:364,1
DA:365,2
DA:366,2
DA:367,2
DA:380,1
DA:382,1
DA:385,1
DA:386,1
DA:387,2
DA:388,3
DA:392,1
DA:393,1
DA:396,1
DA:397,1
DA:400,1
DA:402,1
DA:403,1
DA:404,2
DA:405,1
DA:407,1
DA:411,1
DA:415,1
DA:417,1
DA:419,1
DA:420,2
DA:421,1
DA:423,4
DA:424,2
DA:425,1
DA:430,0
DA:434,1
DA:435,2
DA:436,2
DA:439,1
DA:441,2
DA:442,1
DA:445,1
DA:446,2
DA:447,2
DA:449,2
DA:450,1
DA:451,2
DA:452,2
DA:454,1
DA:455,1
DA:458,2
DA:459,0
DA:461,3
DA:466,1
DA:471,0
DA:472,0
DA:473,0
DA:474,1
DA:480,1
DA:482,1
DA:483,1
DA:484,1
DA:485,1
DA:488,1
DA:490,2
DA:491,2
DA:492,2
DA:497,1
DA:502,0
DA:503,0
DA:504,0
DA:505,1
DA:511,1
DA:513,1
DA:514,1
DA:515,1
DA:516,1
DA:520,1
DA:522,2
DA:523,2
DA:524,2
LF:126
LH:112
end_of_record
SF:lib/src/widgets/raw_keyboard_listener.dart
DA:33,2
DA:38,0
DA:39,0
DA:40,2
DA:53,2
DA:54,2
DA:56,0
DA:58,0
DA:59,0
DA:64,2
DA:66,2
DA:67,8
DA:70,2
DA:72,2
DA:73,8
DA:74,0
DA:75,0
DA:79,2
DA:81,8
DA:82,2
DA:83,2
DA:86,1
DA:87,3
DA:88,1
DA:90,0
DA:95,1
DA:96,1
DA:98,3
DA:99,1
DA:102,2
DA:103,2
DA:105,3
DA:106,1
DA:109,1
DA:110,2
DA:111,2
DA:114,2
DA:115,4
LF:38
LH:30
end_of_record
SF:lib/src/widgets/safe_area.dart
DA:39,46
DA:47,0
DA:48,0
DA:49,0
DA:50,0
DA:51,46
DA:79,46
DA:81,46
DA:82,92
DA:83,46
DA:84,46
DA:85,681
DA:86,671
DA:87,681
DA:88,667
DA:90,46
DA:92,46
DA:93,46
DA:94,46
DA:95,46
DA:96,46
DA:101,0
DA:103,0
DA:104,0
DA:105,0
DA:106,0
DA:107,0
DA:135,1
DA:143,0
DA:144,0
DA:145,0
DA:146,0
DA:147,1
DA:173,1
DA:175,1
DA:176,2
DA:177,1
DA:178,1
DA:179,501
DA:180,501
DA:181,501
DA:182,501
DA:184,1
DA:186,1
DA:187,1
DA:188,1
DA:189,1
DA:190,1
DA:195,0
DA:197,0
DA:198,0
DA:199,0
DA:200,0
DA:201,0
LF:54
LH:34
end_of_record
SF:lib/src/widgets/scroll_simulation.dart
DA:31,17
DA:38,0
DA:39,0
DA:40,0
DA:41,0
DA:42,17
DA:43,0
DA:44,17
DA:45,34
DA:46,20
DA:47,10
DA:48,22
DA:49,14
DA:50,7
DA:52,8
DA:53,8
DA:54,12
DA:55,4
DA:56,2
DA:57,1
DA:58,500
DA:60,2
DA:61,8
DA:62,8
DA:63,4
DA:64,2
DA:65,503
DA:67,4
DA:69,4
DA:72,17
DA:95,11
DA:96,33
DA:99,8
DA:100,24
DA:103,17
DA:105,34
DA:106,46
DA:107,15
DA:109,4
DA:110,4
DA:112,34
DA:115,17
DA:116,68
DA:118,5
DA:119,20
DA:121,15
DA:122,60
DA:124,0
DA:126,0
DA:143,14
DA:148,28
DA:149,14
DA:150,42
DA:151,84
DA:173,14
DA:174,14
DA:178,14
DA:180,42
DA:183,56
DA:185,56
DA:204,14
DA:205,112
DA:209,14
DA:210,70
DA:213,14
DA:215,42
DA:216,112
DA:219,10
DA:221,30
DA:222,80
DA:225,12
DA:227,24
LF:72
LH:65
end_of_record
SF:lib/src/widgets/scrollbar.dart
DA:41,12
DA:51,0
DA:52,0
DA:53,0
DA:54,0
DA:55,0
DA:56,0
DA:57,0
DA:58,36
DA:105,8
DA:109,8
DA:110,8
DA:111,8
DA:114,6
DA:115,12
DA:116,42
DA:119,6
DA:120,6
DA:121,6
DA:122,6
DA:123,1
DA:124,6
DA:125,30
DA:130,6
DA:131,12
DA:132,12
DA:133,6
DA:134,6
DA:135,8
DA:137,12
DA:140,0
DA:141,0
DA:142,0
DA:143,0
DA:144,0
DA:145,0
DA:147,0
DA:150,6
DA:160,503
DA:162,18
DA:165,18
DA:166,497
DA:168,24
DA:171,11
DA:172,497
DA:173,4
DA:189,497
DA:191,15
DA:196,12
DA:197,12
DA:198,42
DA:199,1
DA:201,6
DA:204,12
DA:206,36
DA:207,12
DA:210,11
DA:212,11
DA:213,7
DA:214,21
DA:216,6
DA:217,6
DA:218,54
DA:220,0
DA:221,0
DA:223,0
DA:224,0
DA:226,0
DA:227,0
DA:233,8
DA:236,1
DA:239,3
DA:240,3
DA:241,3
DA:242,3
DA:243,3
DA:244,3
DA:245,3
DA:246,3
DA:249,1
DA:252,12
LF:81
LH:61
end_of_record
SF:lib/src/widgets/single_child_scroll_view.dart
DA:186,37
DA:195,0
DA:196,9
DA:201,37
DA:262,37
DA:263,111
DA:266,37
DA:268,37
DA:269,37
DA:270,37
DA:271,6
DA:272,37
DA:273,28
DA:274,14
DA:275,37
DA:278,37
DA:279,37
DA:280,37
DA:287,37
DA:288,5
DA:294,37
DA:299,0
DA:300,37
DA:305,37
DA:307,37
DA:308,37
DA:309,37
DA:313,13
DA:317,26
DA:318,26
DA:323,37
DA:328,0
DA:329,0
DA:330,0
DA:334,37
DA:337,74
DA:339,13
DA:340,0
DA:341,26
DA:343,0
DA:344,0
DA:347,111
DA:349,74
DA:351,13
DA:352,0
DA:353,26
DA:355,6
DA:356,18
DA:357,6
DA:358,6
DA:359,18
DA:360,6
DA:364,16
DA:366,0
DA:367,0
DA:368,0
DA:370,0
DA:371,0
DA:374,17
DA:375,17
DA:376,17
DA:379,37
DA:383,74
DA:384,74
DA:387,37
DA:389,37
DA:390,111
DA:393,37
DA:395,111
DA:396,37
DA:399,37
DA:402,37
DA:403,37
DA:404,37
DA:405,37
DA:406,16
DA:407,32
DA:408,64
DA:413,37
DA:414,37
DA:418,37
DA:419,37
DA:420,37
DA:422,37
DA:423,37
DA:424,545
DA:425,32
DA:426,689
DA:431,37
DA:432,37
DA:433,37
DA:434,8
DA:435,32
DA:436,32
DA:441,37
DA:443,37
DA:444,74
DA:448,37
DA:450,37
DA:451,74
DA:455,37
DA:457,37
DA:458,74
DA:462,37
DA:464,37
DA:465,74
DA:474,37
DA:476,37
DA:477,0
DA:479,148
DA:480,185
DA:483,111
DA:484,148
DA:487,144
DA:489,36
DA:490,36
DA:491,36
DA:492,36
DA:493,16
DA:494,36
DA:495,62
DA:496,8
DA:497,40
DA:498,8
DA:499,16
DA:504,36
DA:505,36
DA:506,288
DA:509,36
DA:511,36
DA:512,36
DA:514,36
DA:515,108
DA:518,36
DA:519,144
DA:521,0
DA:526,20
DA:528,20
DA:529,60
DA:532,8
DA:534,16
DA:535,16
DA:539,21
DA:541,21
DA:542,63
DA:543,42
DA:548,4
DA:550,3
DA:551,4
DA:552,0
DA:555,4
DA:556,4
DA:557,8
DA:563,4
DA:564,4
DA:565,4
DA:566,4
DA:567,6
DA:568,2
DA:570,4
DA:571,6
DA:572,3
DA:573,3
DA:575,4
DA:576,8
DA:577,4
DA:578,4
DA:580,2
DA:581,4
DA:582,6
DA:583,2
DA:587,12
DA:588,8
DA:589,4
DA:592,2
DA:599,4
DA:600,0
DA:608,2
DA:611,2
DA:616,2
DA:623,8
DA:625,8
DA:626,8
DA:627,8
DA:628,7
DA:629,14
DA:630,28
DA:631,14
DA:632,28
DA:634,2
DA:635,2
DA:636,8
DA:637,4
DA:638,8
DA:639,4
LF:195
LH:177
end_of_record
SF:lib/src/widgets/size_changed_layout_notifier.dart
DA:55,1
DA:58,1
DA:60,1
DA:62,1
DA:63,1
DA:64,2
DA:71,1
DA:74,0
DA:75,1
DA:86,1
DA:88,1
DA:91,4
DA:92,1
DA:93,2
LF:14
LH:13
end_of_record
SF:lib/src/widgets/sliver_prototype_extent_list.dart
DA:38,1
DA:42,1
DA:52,1
DA:55,1
DA:58,1
DA:59,1
DA:63,2
DA:65,1
DA:66,1
DA:68,1
DA:69,1
DA:74,1
DA:76,2
DA:77,1
DA:78,2
DA:80,1
DA:84,1
DA:86,3
DA:87,1
DA:90,0
DA:92,0
DA:93,0
DA:95,0
DA:98,1
DA:100,3
DA:101,0
DA:103,1
DA:106,1
DA:108,1
DA:109,2
DA:110,1
DA:113,1
DA:115,1
DA:116,6
DA:119,1
DA:121,1
DA:122,2
DA:123,6
DA:128,1
DA:130,1
DA:133,2
DA:134,1
DA:135,1
DA:136,0
DA:137,1
DA:138,1
DA:139,2
DA:140,1
DA:143,1
DA:145,4
DA:146,1
DA:149,1
DA:151,1
DA:152,1
DA:153,0
DA:156,1
DA:158,1
DA:159,1
DA:160,2
DA:163,1
DA:165,1
DA:166,0
DA:167,1
DA:170,1
DA:172,1
DA:173,2
DA:174,1
DA:177,1
DA:179,3
DA:180,9
LF:70
LH:62
end_of_record
SF:lib/src/widgets/spacer.dart
DA:45,1
DA:46,0
DA:47,1
DA:48,1
DA:59,1
DA:61,1
DA:62,1
LF:7
LH:6
end_of_record
SF:lib/src/widgets/status_transitions.dart
DA:13,1
DA:16,0
DA:17,1
DA:26,1
DA:27,1
DA:31,1
DA:33,1
DA:34,4
DA:37,1
DA:39,1
DA:40,4
DA:41,3
DA:42,4
DA:46,1
DA:48,4
DA:49,1
DA:52,1
DA:53,2
DA:58,1
DA:60,2
LF:20
LH:19
end_of_record
SF:lib/src/widgets/texture.dart
DA:37,0
DA:42,0
DA:43,0
DA:45,0
DA:47,0
LF:5
LH:0
end_of_record
SF:lib/src/widgets/unique_widget.dart
DA:25,1
DA:27,0
DA:28,1
DA:36,1
DA:37,1
DA:38,1
LF:6
LH:5
end_of_record
SF:lib/src/widgets/value_listenable_builder.dart
DA:56,6
DA:60,0
DA:61,0
DA:88,6
DA:89,6
DA:95,6
DA:97,6
DA:98,24
DA:99,24
DA:102,6
DA:104,24
DA:105,3
DA:106,4
DA:107,4
DA:109,6
DA:112,6
DA:114,24
DA:115,6
DA:118,3
DA:119,18
DA:122,6
DA:124,24
LF:22
LH:20
end_of_record
SF:lib/src/widgets/visibility.dart
DA:53,3
DA:63,0
DA:64,0
DA:65,0
DA:66,0
DA:67,0
DA:68,0
DA:69,4
DA:70,4
DA:71,4
DA:72,4
DA:73,3
DA:201,3
DA:203,3
DA:204,3
DA:205,3
DA:206,3
DA:207,3
DA:208,3
DA:209,6
DA:212,3
DA:213,3
DA:214,3
DA:218,1
DA:219,1
DA:220,1
DA:221,1
DA:222,1
DA:223,1
DA:224,3
DA:225,1
DA:227,1
DA:230,1
DA:231,1
DA:232,3
DA:235,0
DA:237,0
DA:238,0
DA:239,0
DA:240,0
DA:241,0
DA:242,0
DA:243,0
LF:43
LH:29
end_of_record
